[0.088s] DEBUG:colcon:Command line arguments: ['/usr/bin/colcon', 'build']
[0.088s] DEBUG:colcon:Parsed command line arguments: Namespace(log_base=None, log_level=None, verb_name='build', build_base='build', install_base='install', merge_install=False, symlink_install=False, test_result_base=None, continue_on_error=False, executor='parallel', parallel_workers=20, event_handlers=None, ignore_user_meta=False, metas=['./colcon.meta'], base_paths=['.'], packages_ignore=None, packages_ignore_regex=None, paths=None, packages_up_to=None, packages_up_to_regex=None, packages_above=None, packages_above_and_dependencies=None, packages_above_depth=None, packages_select_by_dep=None, packages_skip_by_dep=None, packages_skip_up_to=None, packages_select_build_failed=False, packages_skip_build_finished=False, packages_select_test_failures=False, packages_skip_test_passed=False, packages_select=None, packages_skip=None, packages_select_regex=None, packages_skip_regex=None, packages_start=None, packages_end=None, cmake_args=None, cmake_target=None, cmake_target_skip_unavailable=False, cmake_clean_cache=False, cmake_clean_first=False, cmake_force_configure=False, ament_cmake_args=None, catkin_cmake_args=None, catkin_skip_building_tests=False, mixin_files=None, mixin=None, verb_parser=<colcon_mixin.mixin.mixin_argument.MixinArgumentDecorator object at 0x76a3a6c299c0>, verb_extension=<colcon_core.verb.build.BuildVerb object at 0x76a3a6c28ca0>, main=<bound method BuildVerb.main of <colcon_core.verb.build.BuildVerb object at 0x76a3a6c28ca0>>, mixin_verb=('build',))
[0.203s] Level 1:colcon.colcon_core.package_discovery:discover_packages(colcon_meta) check parameters
[0.203s] INFO:colcon.colcon_metadata.package_discovery.colcon_meta:Using configuration from '/root/.colcon/metadata/default/Gazebo.meta'
[0.204s] INFO:colcon.colcon_metadata.package_discovery.colcon_meta:Using configuration from '/root/.colcon/metadata/default/fastrtps.meta'
[0.204s] Level 1:colcon.colcon_core.package_discovery:discover_packages(recursive) check parameters
[0.204s] Level 1:colcon.colcon_core.package_discovery:discover_packages(ignore) check parameters
[0.204s] Level 1:colcon.colcon_core.package_discovery:discover_packages(path) check parameters
[0.204s] Level 1:colcon.colcon_core.package_discovery:discover_packages(colcon_meta) discover
[0.204s] Level 1:colcon.colcon_core.package_discovery:discover_packages(recursive) discover
[0.204s] INFO:colcon.colcon_core.package_discovery:Crawling recursively for packages in '/workspaces/challenge_ws'
[0.204s] Level 1:colcon.colcon_core.package_identification:_identify(.) by extensions ['ignore', 'ignore_ament_install']
[0.204s] Level 1:colcon.colcon_core.package_identification:_identify(.) by extension 'ignore'
[0.204s] Level 1:colcon.colcon_core.package_identification:_identify(.) by extension 'ignore_ament_install'
[0.204s] Level 1:colcon.colcon_core.package_identification:_identify(.) by extensions ['colcon_pkg']
[0.204s] Level 1:colcon.colcon_core.package_identification:_identify(.) by extension 'colcon_pkg'
[0.204s] Level 1:colcon.colcon_core.package_identification:_identify(.) by extensions ['colcon_meta']
[0.204s] Level 1:colcon.colcon_core.package_identification:_identify(.) by extension 'colcon_meta'
[0.204s] Level 1:colcon.colcon_core.package_identification:_identify(.) by extensions ['ros']
[0.204s] Level 1:colcon.colcon_core.package_identification:_identify(.) by extension 'ros'
[0.212s] Level 1:colcon.colcon_core.package_identification:_identify(.) by extensions ['cmake', 'python']
[0.212s] Level 1:colcon.colcon_core.package_identification:_identify(.) by extension 'cmake'
[0.212s] Level 1:colcon.colcon_core.package_identification:_identify(.) by extension 'python'
[0.212s] Level 1:colcon.colcon_core.package_identification:_identify(.) by extensions ['python_setup_py']
[0.212s] Level 1:colcon.colcon_core.package_identification:_identify(.) by extension 'python_setup_py'
[0.212s] Level 1:colcon.colcon_core.package_identification:_identify(build) by extensions ['ignore', 'ignore_ament_install']
[0.212s] Level 1:colcon.colcon_core.package_identification:_identify(build) by extension 'ignore'
[0.212s] Level 1:colcon.colcon_core.package_identification:_identify(build) ignored
[0.212s] Level 1:colcon.colcon_core.package_identification:_identify(install) by extensions ['ignore', 'ignore_ament_install']
[0.212s] Level 1:colcon.colcon_core.package_identification:_identify(install) by extension 'ignore'
[0.212s] Level 1:colcon.colcon_core.package_identification:_identify(install) ignored
[0.212s] Level 1:colcon.colcon_core.package_identification:_identify(log) by extensions ['ignore', 'ignore_ament_install']
[0.212s] Level 1:colcon.colcon_core.package_identification:_identify(log) by extension 'ignore'
[0.212s] Level 1:colcon.colcon_core.package_identification:_identify(log) ignored
[0.212s] Level 1:colcon.colcon_core.package_identification:_identify(src) by extensions ['ignore', 'ignore_ament_install']
[0.212s] Level 1:colcon.colcon_core.package_identification:_identify(src) by extension 'ignore'
[0.212s] Level 1:colcon.colcon_core.package_identification:_identify(src) by extension 'ignore_ament_install'
[0.212s] Level 1:colcon.colcon_core.package_identification:_identify(src) by extensions ['colcon_pkg']
[0.212s] Level 1:colcon.colcon_core.package_identification:_identify(src) by extension 'colcon_pkg'
[0.212s] Level 1:colcon.colcon_core.package_identification:_identify(src) by extensions ['colcon_meta']
[0.212s] Level 1:colcon.colcon_core.package_identification:_identify(src) by extension 'colcon_meta'
[0.212s] Level 1:colcon.colcon_core.package_identification:_identify(src) by extensions ['ros']
[0.212s] Level 1:colcon.colcon_core.package_identification:_identify(src) by extension 'ros'
[0.212s] Level 1:colcon.colcon_core.package_identification:_identify(src) by extensions ['cmake', 'python']
[0.212s] Level 1:colcon.colcon_core.package_identification:_identify(src) by extension 'cmake'
[0.212s] Level 1:colcon.colcon_core.package_identification:_identify(src) by extension 'python'
[0.212s] Level 1:colcon.colcon_core.package_identification:_identify(src) by extensions ['python_setup_py']
[0.212s] Level 1:colcon.colcon_core.package_identification:_identify(src) by extension 'python_setup_py'
[0.212s] Level 1:colcon.colcon_core.package_identification:_identify(src/dual_arm_servo_moveit_config) by extensions ['ignore', 'ignore_ament_install']
[0.212s] Level 1:colcon.colcon_core.package_identification:_identify(src/dual_arm_servo_moveit_config) by extension 'ignore'
[0.212s] Level 1:colcon.colcon_core.package_identification:_identify(src/dual_arm_servo_moveit_config) by extension 'ignore_ament_install'
[0.213s] Level 1:colcon.colcon_core.package_identification:_identify(src/dual_arm_servo_moveit_config) by extensions ['colcon_pkg']
[0.213s] Level 1:colcon.colcon_core.package_identification:_identify(src/dual_arm_servo_moveit_config) by extension 'colcon_pkg'
[0.213s] Level 1:colcon.colcon_core.package_identification:_identify(src/dual_arm_servo_moveit_config) by extensions ['colcon_meta']
[0.213s] Level 1:colcon.colcon_core.package_identification:_identify(src/dual_arm_servo_moveit_config) by extension 'colcon_meta'
[0.213s] Level 1:colcon.colcon_core.package_identification:_identify(src/dual_arm_servo_moveit_config) by extensions ['ros']
[0.213s] Level 1:colcon.colcon_core.package_identification:_identify(src/dual_arm_servo_moveit_config) by extension 'ros'
[0.214s] DEBUG:colcon.colcon_core.package_identification:Package 'src/dual_arm_servo_moveit_config' with type 'ros.ament_cmake' and name 'dual_arm_servo_moveit_config'
[0.214s] Level 1:colcon.colcon_core.package_identification:_identify(src/teleop_dual_arm) by extensions ['ignore', 'ignore_ament_install']
[0.214s] Level 1:colcon.colcon_core.package_identification:_identify(src/teleop_dual_arm) by extension 'ignore'
[0.214s] Level 1:colcon.colcon_core.package_identification:_identify(src/teleop_dual_arm) by extension 'ignore_ament_install'
[0.215s] Level 1:colcon.colcon_core.package_identification:_identify(src/teleop_dual_arm) by extensions ['colcon_pkg']
[0.215s] Level 1:colcon.colcon_core.package_identification:_identify(src/teleop_dual_arm) by extension 'colcon_pkg'
[0.215s] Level 1:colcon.colcon_core.package_identification:_identify(src/teleop_dual_arm) by extensions ['colcon_meta']
[0.215s] Level 1:colcon.colcon_core.package_identification:_identify(src/teleop_dual_arm) by extension 'colcon_meta'
[0.215s] Level 1:colcon.colcon_core.package_identification:_identify(src/teleop_dual_arm) by extensions ['ros']
[0.215s] Level 1:colcon.colcon_core.package_identification:_identify(src/teleop_dual_arm) by extension 'ros'
[0.216s] DEBUG:colcon.colcon_core.package_identification:Package 'src/teleop_dual_arm' with type 'ros.ament_python' and name 'teleop_dual_arm'
[0.216s] Level 1:colcon.colcon_core.package_discovery:discover_packages(recursive) using defaults
[0.216s] Level 1:colcon.colcon_core.package_discovery:discover_packages(ignore) discover
[0.216s] Level 1:colcon.colcon_core.package_discovery:discover_packages(ignore) using defaults
[0.216s] Level 1:colcon.colcon_core.package_discovery:discover_packages(path) discover
[0.216s] Level 1:colcon.colcon_core.package_discovery:discover_packages(path) using defaults
[0.241s] Level 5:colcon.colcon_core.verb:set package 'dual_arm_servo_moveit_config' build argument 'cmake_args' from command line to 'None'
[0.241s] Level 5:colcon.colcon_core.verb:set package 'dual_arm_servo_moveit_config' build argument 'cmake_target' from command line to 'None'
[0.241s] Level 5:colcon.colcon_core.verb:set package 'dual_arm_servo_moveit_config' build argument 'cmake_target_skip_unavailable' from command line to 'False'
[0.241s] Level 5:colcon.colcon_core.verb:set package 'dual_arm_servo_moveit_config' build argument 'cmake_clean_cache' from command line to 'False'
[0.241s] Level 5:colcon.colcon_core.verb:set package 'dual_arm_servo_moveit_config' build argument 'cmake_clean_first' from command line to 'False'
[0.241s] Level 5:colcon.colcon_core.verb:set package 'dual_arm_servo_moveit_config' build argument 'cmake_force_configure' from command line to 'False'
[0.241s] Level 5:colcon.colcon_core.verb:set package 'dual_arm_servo_moveit_config' build argument 'ament_cmake_args' from command line to 'None'
[0.241s] Level 5:colcon.colcon_core.verb:set package 'dual_arm_servo_moveit_config' build argument 'catkin_cmake_args' from command line to 'None'
[0.241s] Level 5:colcon.colcon_core.verb:set package 'dual_arm_servo_moveit_config' build argument 'catkin_skip_building_tests' from command line to 'False'
[0.241s] DEBUG:colcon.colcon_core.verb:Building package 'dual_arm_servo_moveit_config' with the following arguments: {'ament_cmake_args': None, 'build_base': '/workspaces/challenge_ws/build/dual_arm_servo_moveit_config', 'catkin_cmake_args': None, 'catkin_skip_building_tests': False, 'cmake_args': None, 'cmake_clean_cache': False, 'cmake_clean_first': False, 'cmake_force_configure': False, 'cmake_target': None, 'cmake_target_skip_unavailable': False, 'install_base': '/workspaces/challenge_ws/install/dual_arm_servo_moveit_config', 'merge_install': False, 'path': '/workspaces/challenge_ws/src/dual_arm_servo_moveit_config', 'symlink_install': False, 'test_result_base': None}
[0.241s] Level 5:colcon.colcon_core.verb:set package 'teleop_dual_arm' build argument 'cmake_args' from command line to 'None'
[0.241s] Level 5:colcon.colcon_core.verb:set package 'teleop_dual_arm' build argument 'cmake_target' from command line to 'None'
[0.241s] Level 5:colcon.colcon_core.verb:set package 'teleop_dual_arm' build argument 'cmake_target_skip_unavailable' from command line to 'False'
[0.241s] Level 5:colcon.colcon_core.verb:set package 'teleop_dual_arm' build argument 'cmake_clean_cache' from command line to 'False'
[0.241s] Level 5:colcon.colcon_core.verb:set package 'teleop_dual_arm' build argument 'cmake_clean_first' from command line to 'False'
[0.241s] Level 5:colcon.colcon_core.verb:set package 'teleop_dual_arm' build argument 'cmake_force_configure' from command line to 'False'
[0.241s] Level 5:colcon.colcon_core.verb:set package 'teleop_dual_arm' build argument 'ament_cmake_args' from command line to 'None'
[0.241s] Level 5:colcon.colcon_core.verb:set package 'teleop_dual_arm' build argument 'catkin_cmake_args' from command line to 'None'
[0.241s] Level 5:colcon.colcon_core.verb:set package 'teleop_dual_arm' build argument 'catkin_skip_building_tests' from command line to 'False'
[0.242s] DEBUG:colcon.colcon_core.verb:Building package 'teleop_dual_arm' with the following arguments: {'ament_cmake_args': None, 'build_base': '/workspaces/challenge_ws/build/teleop_dual_arm', 'catkin_cmake_args': None, 'catkin_skip_building_tests': False, 'cmake_args': None, 'cmake_clean_cache': False, 'cmake_clean_first': False, 'cmake_force_configure': False, 'cmake_target': None, 'cmake_target_skip_unavailable': False, 'install_base': '/workspaces/challenge_ws/install/teleop_dual_arm', 'merge_install': False, 'path': '/workspaces/challenge_ws/src/teleop_dual_arm', 'symlink_install': False, 'test_result_base': None}
[0.242s] INFO:colcon.colcon_core.executor:Executing jobs using 'parallel' executor
[0.242s] DEBUG:colcon.colcon_parallel_executor.executor.parallel:run_until_complete
[0.242s] INFO:colcon.colcon_ros.task.ament_cmake.build:Building ROS package in '/workspaces/challenge_ws/src/dual_arm_servo_moveit_config' with build type 'ament_cmake'
[0.242s] INFO:colcon.colcon_cmake.task.cmake.build:Building CMake package in '/workspaces/challenge_ws/src/dual_arm_servo_moveit_config'
[0.244s] INFO:colcon.colcon_core.plugin_system:Skipping extension 'colcon_core.shell.bat': Not used on non-Windows systems
[0.244s] INFO:colcon.colcon_core.shell:Skip shell extension 'powershell' for command environment: Not usable outside of PowerShell
[0.244s] DEBUG:colcon.colcon_core.shell:Skip shell extension 'dsv' for command environment
[0.250s] INFO:colcon.colcon_ros.task.ament_python.build:Building ROS package in '/workspaces/challenge_ws/src/teleop_dual_arm' with build type 'ament_python'
[0.250s] Level 1:colcon.colcon_core.shell:create_environment_hook('teleop_dual_arm', 'ament_prefix_path')
[0.250s] INFO:colcon.colcon_core.shell:Creating environment hook '/workspaces/challenge_ws/install/teleop_dual_arm/share/teleop_dual_arm/hook/ament_prefix_path.ps1'
[0.250s] INFO:colcon.colcon_core.shell:Creating environment descriptor '/workspaces/challenge_ws/install/teleop_dual_arm/share/teleop_dual_arm/hook/ament_prefix_path.dsv'
[0.251s] INFO:colcon.colcon_core.shell:Creating environment hook '/workspaces/challenge_ws/install/teleop_dual_arm/share/teleop_dual_arm/hook/ament_prefix_path.sh'
[0.251s] INFO:colcon.colcon_core.shell:Skip shell extension 'powershell' for command environment: Not usable outside of PowerShell
[0.251s] DEBUG:colcon.colcon_core.shell:Skip shell extension 'dsv' for command environment
[0.262s] DEBUG:colcon.colcon_core.event_handler.log_command:Invoking command in '/workspaces/challenge_ws/build/dual_arm_servo_moveit_config': CMAKE_PREFIX_PATH=${CMAKE_PREFIX_PATH}:/workspaces/challenge_ws/install/teleop_dual_arm:/root/ws_moveit/install/moveit_configs_utils:/opt/ros/humble /usr/bin/cmake /workspaces/challenge_ws/src/dual_arm_servo_moveit_config -DCMAKE_INSTALL_PREFIX=/workspaces/challenge_ws/install/dual_arm_servo_moveit_config
[0.435s] INFO:colcon.colcon_core.task.python.build:Building Python package in '/workspaces/challenge_ws/src/teleop_dual_arm'
[0.435s] INFO:colcon.colcon_core.shell:Skip shell extension 'powershell' for command environment: Not usable outside of PowerShell
[0.435s] DEBUG:colcon.colcon_core.shell:Skip shell extension 'dsv' for command environment
[0.506s] DEBUG:colcon.colcon_core.event_handler.log_command:Invoked command in '/workspaces/challenge_ws/build/dual_arm_servo_moveit_config' returned '0': CMAKE_PREFIX_PATH=${CMAKE_PREFIX_PATH}:/workspaces/challenge_ws/install/teleop_dual_arm:/root/ws_moveit/install/moveit_configs_utils:/opt/ros/humble /usr/bin/cmake /workspaces/challenge_ws/src/dual_arm_servo_moveit_config -DCMAKE_INSTALL_PREFIX=/workspaces/challenge_ws/install/dual_arm_servo_moveit_config
[0.507s] DEBUG:colcon.colcon_core.event_handler.log_command:Invoking command in '/workspaces/challenge_ws/build/dual_arm_servo_moveit_config': CMAKE_PREFIX_PATH=${CMAKE_PREFIX_PATH}:/workspaces/challenge_ws/install/teleop_dual_arm:/root/ws_moveit/install/moveit_configs_utils:/opt/ros/humble /usr/bin/cmake --build /workspaces/challenge_ws/build/dual_arm_servo_moveit_config -- -j20 -l20
[0.550s] DEBUG:colcon.colcon_core.event_handler.log_command:Invoked command in '/workspaces/challenge_ws/build/dual_arm_servo_moveit_config' returned '0': CMAKE_PREFIX_PATH=${CMAKE_PREFIX_PATH}:/workspaces/challenge_ws/install/teleop_dual_arm:/root/ws_moveit/install/moveit_configs_utils:/opt/ros/humble /usr/bin/cmake --build /workspaces/challenge_ws/build/dual_arm_servo_moveit_config -- -j20 -l20
[0.562s] DEBUG:colcon.colcon_core.event_handler.log_command:Invoking command in '/workspaces/challenge_ws/build/dual_arm_servo_moveit_config': CMAKE_PREFIX_PATH=${CMAKE_PREFIX_PATH}:/workspaces/challenge_ws/install/teleop_dual_arm:/root/ws_moveit/install/moveit_configs_utils:/opt/ros/humble /usr/bin/cmake --install /workspaces/challenge_ws/build/dual_arm_servo_moveit_config
[0.580s] Level 1:colcon.colcon_core.environment:create_environment_scripts_only(dual_arm_servo_moveit_config)
[0.581s] DEBUG:colcon.colcon_core.event_handler.log_command:Invoked command in '/workspaces/challenge_ws/build/dual_arm_servo_moveit_config' returned '0': CMAKE_PREFIX_PATH=${CMAKE_PREFIX_PATH}:/workspaces/challenge_ws/install/teleop_dual_arm:/root/ws_moveit/install/moveit_configs_utils:/opt/ros/humble /usr/bin/cmake --install /workspaces/challenge_ws/build/dual_arm_servo_moveit_config
[0.582s] Level 1:colcon.colcon_core.environment:checking '/workspaces/challenge_ws/install/dual_arm_servo_moveit_config' for CMake module files
[0.583s] Level 1:colcon.colcon_core.environment:checking '/workspaces/challenge_ws/install/dual_arm_servo_moveit_config' for CMake config files
[0.583s] Level 1:colcon.colcon_core.shell:create_environment_hook('dual_arm_servo_moveit_config', 'cmake_prefix_path')
[0.583s] INFO:colcon.colcon_core.shell:Creating environment hook '/workspaces/challenge_ws/install/dual_arm_servo_moveit_config/share/dual_arm_servo_moveit_config/hook/cmake_prefix_path.ps1'
[0.584s] INFO:colcon.colcon_core.shell:Creating environment descriptor '/workspaces/challenge_ws/install/dual_arm_servo_moveit_config/share/dual_arm_servo_moveit_config/hook/cmake_prefix_path.dsv'
[0.584s] INFO:colcon.colcon_core.shell:Creating environment hook '/workspaces/challenge_ws/install/dual_arm_servo_moveit_config/share/dual_arm_servo_moveit_config/hook/cmake_prefix_path.sh'
[0.585s] Level 1:colcon.colcon_core.environment:checking '/workspaces/challenge_ws/install/dual_arm_servo_moveit_config/bin'
[0.585s] Level 1:colcon.colcon_core.environment:checking '/workspaces/challenge_ws/install/dual_arm_servo_moveit_config/lib/pkgconfig/dual_arm_servo_moveit_config.pc'
[0.585s] Level 1:colcon.colcon_core.environment:checking '/workspaces/challenge_ws/install/dual_arm_servo_moveit_config/lib/python3.10/site-packages'
[0.586s] Level 1:colcon.colcon_core.environment:checking '/workspaces/challenge_ws/install/dual_arm_servo_moveit_config/bin'
[0.586s] INFO:colcon.colcon_core.shell:Creating package script '/workspaces/challenge_ws/install/dual_arm_servo_moveit_config/share/dual_arm_servo_moveit_config/package.ps1'
[0.586s] INFO:colcon.colcon_core.shell:Creating package descriptor '/workspaces/challenge_ws/install/dual_arm_servo_moveit_config/share/dual_arm_servo_moveit_config/package.dsv'
[0.587s] INFO:colcon.colcon_core.shell:Creating package script '/workspaces/challenge_ws/install/dual_arm_servo_moveit_config/share/dual_arm_servo_moveit_config/package.sh'
[0.587s] INFO:colcon.colcon_core.shell:Creating package script '/workspaces/challenge_ws/install/dual_arm_servo_moveit_config/share/dual_arm_servo_moveit_config/package.bash'
[0.588s] INFO:colcon.colcon_core.shell:Creating package script '/workspaces/challenge_ws/install/dual_arm_servo_moveit_config/share/dual_arm_servo_moveit_config/package.zsh'
[0.588s] Level 1:colcon.colcon_core.environment:create_file_with_runtime_dependencies(/workspaces/challenge_ws/install/dual_arm_servo_moveit_config/share/colcon-core/packages/dual_arm_servo_moveit_config)
[0.588s] Level 1:colcon.colcon_core.environment:create_environment_scripts_only(dual_arm_servo_moveit_config)
[0.588s] Level 1:colcon.colcon_core.environment:checking '/workspaces/challenge_ws/install/dual_arm_servo_moveit_config' for CMake module files
[0.589s] Level 1:colcon.colcon_core.environment:checking '/workspaces/challenge_ws/install/dual_arm_servo_moveit_config' for CMake config files
[0.589s] Level 1:colcon.colcon_core.shell:create_environment_hook('dual_arm_servo_moveit_config', 'cmake_prefix_path')
[0.589s] INFO:colcon.colcon_core.shell:Creating environment hook '/workspaces/challenge_ws/install/dual_arm_servo_moveit_config/share/dual_arm_servo_moveit_config/hook/cmake_prefix_path.ps1'
[0.589s] INFO:colcon.colcon_core.shell:Creating environment descriptor '/workspaces/challenge_ws/install/dual_arm_servo_moveit_config/share/dual_arm_servo_moveit_config/hook/cmake_prefix_path.dsv'
[0.589s] INFO:colcon.colcon_core.shell:Creating environment hook '/workspaces/challenge_ws/install/dual_arm_servo_moveit_config/share/dual_arm_servo_moveit_config/hook/cmake_prefix_path.sh'
[0.590s] Level 1:colcon.colcon_core.environment:checking '/workspaces/challenge_ws/install/dual_arm_servo_moveit_config/bin'
[0.590s] Level 1:colcon.colcon_core.environment:checking '/workspaces/challenge_ws/install/dual_arm_servo_moveit_config/lib/pkgconfig/dual_arm_servo_moveit_config.pc'
[0.590s] Level 1:colcon.colcon_core.environment:checking '/workspaces/challenge_ws/install/dual_arm_servo_moveit_config/lib/python3.10/site-packages'
[0.590s] Level 1:colcon.colcon_core.environment:checking '/workspaces/challenge_ws/install/dual_arm_servo_moveit_config/bin'
[0.590s] INFO:colcon.colcon_core.shell:Creating package script '/workspaces/challenge_ws/install/dual_arm_servo_moveit_config/share/dual_arm_servo_moveit_config/package.ps1'
[0.590s] INFO:colcon.colcon_core.shell:Creating package descriptor '/workspaces/challenge_ws/install/dual_arm_servo_moveit_config/share/dual_arm_servo_moveit_config/package.dsv'
[0.591s] INFO:colcon.colcon_core.shell:Creating package script '/workspaces/challenge_ws/install/dual_arm_servo_moveit_config/share/dual_arm_servo_moveit_config/package.sh'
[0.591s] INFO:colcon.colcon_core.shell:Creating package script '/workspaces/challenge_ws/install/dual_arm_servo_moveit_config/share/dual_arm_servo_moveit_config/package.bash'
[0.591s] INFO:colcon.colcon_core.shell:Creating package script '/workspaces/challenge_ws/install/dual_arm_servo_moveit_config/share/dual_arm_servo_moveit_config/package.zsh'
[0.591s] Level 1:colcon.colcon_core.environment:create_file_with_runtime_dependencies(/workspaces/challenge_ws/install/dual_arm_servo_moveit_config/share/colcon-core/packages/dual_arm_servo_moveit_config)
[0.699s] DEBUG:colcon.colcon_core.event_handler.log_command:Invoking command in '/workspaces/challenge_ws/build/teleop_dual_arm': PYTHONPATH=/workspaces/challenge_ws/build/teleop_dual_arm/prefix_override:/usr/lib/python3/dist-packages/colcon_core/task/python/colcon_distutils_commands:/workspaces/challenge_ws/install/teleop_dual_arm/lib/python3.10/site-packages:${PYTHONPATH} /usr/bin/python3 -W ignore:setup.py install is deprecated -W ignore:easy_install command is deprecated setup.py develop --uninstall --editable --build-directory /workspaces/challenge_ws/build/teleop_dual_arm/build
[0.993s] DEBUG:colcon.colcon_core.event_handler.log_command:Invoked command in '/workspaces/challenge_ws/build/teleop_dual_arm' returned '0': PYTHONPATH=/workspaces/challenge_ws/build/teleop_dual_arm/prefix_override:/usr/lib/python3/dist-packages/colcon_core/task/python/colcon_distutils_commands:/workspaces/challenge_ws/install/teleop_dual_arm/lib/python3.10/site-packages:${PYTHONPATH} /usr/bin/python3 -W ignore:setup.py install is deprecated -W ignore:easy_install command is deprecated setup.py develop --uninstall --editable --build-directory /workspaces/challenge_ws/build/teleop_dual_arm/build
[0.994s] DEBUG:colcon.colcon_core.event_handler.log_command:Invoking command in '/workspaces/challenge_ws/src/teleop_dual_arm': PYTHONPATH=/workspaces/challenge_ws/build/teleop_dual_arm/prefix_override:/usr/lib/python3/dist-packages/colcon_core/task/python/colcon_distutils_commands:/workspaces/challenge_ws/install/teleop_dual_arm/lib/python3.10/site-packages:${PYTHONPATH} /usr/bin/python3 -W ignore:setup.py install is deprecated -W ignore:easy_install command is deprecated setup.py egg_info --egg-base ../../build/teleop_dual_arm build --build-base /workspaces/challenge_ws/build/teleop_dual_arm/build install --record /workspaces/challenge_ws/build/teleop_dual_arm/install.log --single-version-externally-managed install_data --force
[1.193s] Level 1:colcon.colcon_core.environment:checking '/workspaces/challenge_ws/install/teleop_dual_arm' for CMake module files
[1.193s] DEBUG:colcon.colcon_core.event_handler.log_command:Invoked command in '/workspaces/challenge_ws/src/teleop_dual_arm' returned '0': PYTHONPATH=/workspaces/challenge_ws/build/teleop_dual_arm/prefix_override:/usr/lib/python3/dist-packages/colcon_core/task/python/colcon_distutils_commands:/workspaces/challenge_ws/install/teleop_dual_arm/lib/python3.10/site-packages:${PYTHONPATH} /usr/bin/python3 -W ignore:setup.py install is deprecated -W ignore:easy_install command is deprecated setup.py egg_info --egg-base ../../build/teleop_dual_arm build --build-base /workspaces/challenge_ws/build/teleop_dual_arm/build install --record /workspaces/challenge_ws/build/teleop_dual_arm/install.log --single-version-externally-managed install_data --force
[1.193s] Level 1:colcon.colcon_core.environment:checking '/workspaces/challenge_ws/install/teleop_dual_arm' for CMake config files
[1.193s] Level 1:colcon.colcon_core.environment:checking '/workspaces/challenge_ws/install/teleop_dual_arm/lib'
[1.194s] Level 1:colcon.colcon_core.environment:checking '/workspaces/challenge_ws/install/teleop_dual_arm/bin'
[1.194s] Level 1:colcon.colcon_core.environment:checking '/workspaces/challenge_ws/install/teleop_dual_arm/lib/pkgconfig/teleop_dual_arm.pc'
[1.194s] Level 1:colcon.colcon_core.environment:checking '/workspaces/challenge_ws/install/teleop_dual_arm/lib/python3.10/site-packages'
[1.194s] Level 1:colcon.colcon_core.shell:create_environment_hook('teleop_dual_arm', 'pythonpath')
[1.194s] INFO:colcon.colcon_core.shell:Creating environment hook '/workspaces/challenge_ws/install/teleop_dual_arm/share/teleop_dual_arm/hook/pythonpath.ps1'
[1.194s] INFO:colcon.colcon_core.shell:Creating environment descriptor '/workspaces/challenge_ws/install/teleop_dual_arm/share/teleop_dual_arm/hook/pythonpath.dsv'
[1.194s] INFO:colcon.colcon_core.shell:Creating environment hook '/workspaces/challenge_ws/install/teleop_dual_arm/share/teleop_dual_arm/hook/pythonpath.sh'
[1.195s] Level 1:colcon.colcon_core.environment:checking '/workspaces/challenge_ws/install/teleop_dual_arm/bin'
[1.195s] Level 1:colcon.colcon_core.environment:create_environment_scripts_only(teleop_dual_arm)
[1.195s] INFO:colcon.colcon_core.shell:Creating package script '/workspaces/challenge_ws/install/teleop_dual_arm/share/teleop_dual_arm/package.ps1'
[1.195s] INFO:colcon.colcon_core.shell:Creating package descriptor '/workspaces/challenge_ws/install/teleop_dual_arm/share/teleop_dual_arm/package.dsv'
[1.195s] INFO:colcon.colcon_core.shell:Creating package script '/workspaces/challenge_ws/install/teleop_dual_arm/share/teleop_dual_arm/package.sh'
[1.196s] INFO:colcon.colcon_core.shell:Creating package script '/workspaces/challenge_ws/install/teleop_dual_arm/share/teleop_dual_arm/package.bash'
[1.196s] INFO:colcon.colcon_core.shell:Creating package script '/workspaces/challenge_ws/install/teleop_dual_arm/share/teleop_dual_arm/package.zsh'
[1.196s] Level 1:colcon.colcon_core.environment:create_file_with_runtime_dependencies(/workspaces/challenge_ws/install/teleop_dual_arm/share/colcon-core/packages/teleop_dual_arm)
[1.196s] DEBUG:colcon.colcon_parallel_executor.executor.parallel:closing loop
[1.196s] DEBUG:colcon.colcon_parallel_executor.executor.parallel:loop closed
[1.196s] DEBUG:colcon.colcon_parallel_executor.executor.parallel:run_until_complete finished with '0'
[1.196s] DEBUG:colcon.colcon_core.event_reactor:joining thread
[1.201s] INFO:colcon.colcon_core.plugin_system:Skipping extension 'colcon_notification.desktop_notification.notify_send': Could not find 'notify-send'
[1.202s] INFO:colcon.colcon_core.plugin_system:Skipping extension 'colcon_notification.desktop_notification.terminal_notifier': Not used on non-Darwin systems
[1.202s] INFO:colcon.colcon_core.plugin_system:Skipping extension 'colcon_notification.desktop_notification.win32': Not used on non-Windows systems
[1.202s] INFO:colcon.colcon_notification.desktop_notification:Sending desktop notification using 'notify2'
[1.203s] DEBUG:colcon.colcon_notification.desktop_notification.notify2:Failed to initialize notify2: org.freedesktop.DBus.Error.Spawn.ExecFailed: /usr/bin/dbus-launch terminated abnormally without any error message
[1.203s] DEBUG:colcon.colcon_core.event_reactor:joined thread
[1.204s] INFO:colcon.colcon_core.shell:Creating prefix script '/workspaces/challenge_ws/install/local_setup.ps1'
[1.205s] INFO:colcon.colcon_core.shell:Creating prefix util module '/workspaces/challenge_ws/install/_local_setup_util_ps1.py'
[1.205s] INFO:colcon.colcon_core.shell:Creating prefix chain script '/workspaces/challenge_ws/install/setup.ps1'
[1.207s] INFO:colcon.colcon_core.shell:Creating prefix script '/workspaces/challenge_ws/install/local_setup.sh'
[1.208s] INFO:colcon.colcon_core.shell:Creating prefix util module '/workspaces/challenge_ws/install/_local_setup_util_sh.py'
[1.208s] INFO:colcon.colcon_core.shell:Creating prefix chain script '/workspaces/challenge_ws/install/setup.sh'
[1.210s] INFO:colcon.colcon_core.shell:Creating prefix script '/workspaces/challenge_ws/install/local_setup.bash'
[1.210s] INFO:colcon.colcon_core.shell:Creating prefix chain script '/workspaces/challenge_ws/install/setup.bash'
[1.214s] INFO:colcon.colcon_core.shell:Creating prefix script '/workspaces/challenge_ws/install/local_setup.zsh'
[1.215s] INFO:colcon.colcon_core.shell:Creating prefix chain script '/workspaces/challenge_ws/install/setup.zsh'
