running develop
running egg_info
creating teleop_dual_arm.egg-info
writing teleop_dual_arm.egg-info/PKG-INFO
writing dependency_links to teleop_dual_arm.egg-info/dependency_links.txt
writing entry points to teleop_dual_arm.egg-info/entry_points.txt
writing requirements to teleop_dual_arm.egg-info/requires.txt
writing top-level names to teleop_dual_arm.egg-info/top_level.txt
writing manifest file 'teleop_dual_arm.egg-info/SOURCES.txt'
reading manifest file 'teleop_dual_arm.egg-info/SOURCES.txt'
writing manifest file 'teleop_dual_arm.egg-info/SOURCES.txt'
running build_ext
Creating /workspaces/challenge_ws/install/teleop_dual_arm/lib/python3.10/site-packages/teleop-dual-arm.egg-link (link to .)
Installing teleop_node script to /workspaces/challenge_ws/install/teleop_dual_arm/lib/teleop_dual_arm

Installed /workspaces/challenge_ws/build/teleop_dual_arm
running symlink_data
creating /workspaces/challenge_ws/install/teleop_dual_arm/share/ament_index
creating /workspaces/challenge_ws/install/teleop_dual_arm/share/ament_index/resource_index
creating /workspaces/challenge_ws/install/teleop_dual_arm/share/ament_index/resource_index/packages
symbolically linking /workspaces/challenge_ws/build/teleop_dual_arm/resource/teleop_dual_arm -> /workspaces/challenge_ws/install/teleop_dual_arm/share/ament_index/resource_index/packages
symbolically linking /workspaces/challenge_ws/build/teleop_dual_arm/package.xml -> /workspaces/challenge_ws/install/teleop_dual_arm/share/teleop_dual_arm
