[0.068s] DEBUG:colcon:Command line arguments: ['/usr/bin/colcon', 'build', '--symlink-install']
[0.068s] DEBUG:colcon:Parsed command line arguments: Namespace(log_base=None, log_level=None, verb_name='build', build_base='build', install_base='install', merge_install=False, symlink_install=True, test_result_base=None, continue_on_error=False, executor='parallel', parallel_workers=20, event_handlers=None, ignore_user_meta=False, metas=['./colcon.meta'], base_paths=['.'], packages_ignore=None, packages_ignore_regex=None, paths=None, packages_up_to=None, packages_up_to_regex=None, packages_above=None, packages_above_and_dependencies=None, packages_above_depth=None, packages_select_by_dep=None, packages_skip_by_dep=None, packages_skip_up_to=None, packages_select_build_failed=False, packages_skip_build_finished=False, packages_select_test_failures=False, packages_skip_test_passed=False, packages_select=None, packages_skip=None, packages_select_regex=None, packages_skip_regex=None, packages_start=None, packages_end=None, cmake_args=None, cmake_target=None, cmake_target_skip_unavailable=False, cmake_clean_cache=False, cmake_clean_first=False, cmake_force_configure=False, ament_cmake_args=None, catkin_cmake_args=None, catkin_skip_building_tests=False, mixin_files=None, mixin=None, verb_parser=<colcon_mixin.mixin.mixin_argument.MixinArgumentDecorator object at 0x7f35a072db10>, verb_extension=<colcon_core.verb.build.BuildVerb object at 0x7f35a072cdf0>, main=<bound method BuildVerb.main of <colcon_core.verb.build.BuildVerb object at 0x7f35a072cdf0>>, mixin_verb=('build',))
[0.153s] Level 1:colcon.colcon_core.package_discovery:discover_packages(colcon_meta) check parameters
[0.153s] INFO:colcon.colcon_metadata.package_discovery.colcon_meta:Using configuration from '/root/.colcon/metadata/default/Gazebo.meta'
[0.154s] INFO:colcon.colcon_metadata.package_discovery.colcon_meta:Using configuration from '/root/.colcon/metadata/default/fastrtps.meta'
[0.154s] Level 1:colcon.colcon_core.package_discovery:discover_packages(recursive) check parameters
[0.154s] Level 1:colcon.colcon_core.package_discovery:discover_packages(ignore) check parameters
[0.154s] Level 1:colcon.colcon_core.package_discovery:discover_packages(path) check parameters
[0.154s] Level 1:colcon.colcon_core.package_discovery:discover_packages(colcon_meta) discover
[0.154s] Level 1:colcon.colcon_core.package_discovery:discover_packages(recursive) discover
[0.154s] INFO:colcon.colcon_core.package_discovery:Crawling recursively for packages in '/workspaces/challenge_ws'
[0.154s] Level 1:colcon.colcon_core.package_identification:_identify(.) by extensions ['ignore', 'ignore_ament_install']
[0.154s] Level 1:colcon.colcon_core.package_identification:_identify(.) by extension 'ignore'
[0.154s] Level 1:colcon.colcon_core.package_identification:_identify(.) by extension 'ignore_ament_install'
[0.154s] Level 1:colcon.colcon_core.package_identification:_identify(.) by extensions ['colcon_pkg']
[0.154s] Level 1:colcon.colcon_core.package_identification:_identify(.) by extension 'colcon_pkg'
[0.154s] Level 1:colcon.colcon_core.package_identification:_identify(.) by extensions ['colcon_meta']
[0.154s] Level 1:colcon.colcon_core.package_identification:_identify(.) by extension 'colcon_meta'
[0.154s] Level 1:colcon.colcon_core.package_identification:_identify(.) by extensions ['ros']
[0.154s] Level 1:colcon.colcon_core.package_identification:_identify(.) by extension 'ros'
[0.160s] Level 1:colcon.colcon_core.package_identification:_identify(.) by extensions ['cmake', 'python']
[0.160s] Level 1:colcon.colcon_core.package_identification:_identify(.) by extension 'cmake'
[0.160s] Level 1:colcon.colcon_core.package_identification:_identify(.) by extension 'python'
[0.160s] Level 1:colcon.colcon_core.package_identification:_identify(.) by extensions ['python_setup_py']
[0.160s] Level 1:colcon.colcon_core.package_identification:_identify(.) by extension 'python_setup_py'
[0.160s] Level 1:colcon.colcon_core.package_identification:_identify(build) by extensions ['ignore', 'ignore_ament_install']
[0.160s] Level 1:colcon.colcon_core.package_identification:_identify(build) by extension 'ignore'
[0.160s] Level 1:colcon.colcon_core.package_identification:_identify(build) ignored
[0.161s] Level 1:colcon.colcon_core.package_identification:_identify(install) by extensions ['ignore', 'ignore_ament_install']
[0.161s] Level 1:colcon.colcon_core.package_identification:_identify(install) by extension 'ignore'
[0.161s] Level 1:colcon.colcon_core.package_identification:_identify(install) ignored
[0.161s] Level 1:colcon.colcon_core.package_identification:_identify(log) by extensions ['ignore', 'ignore_ament_install']
[0.161s] Level 1:colcon.colcon_core.package_identification:_identify(log) by extension 'ignore'
[0.161s] Level 1:colcon.colcon_core.package_identification:_identify(log) ignored
[0.161s] Level 1:colcon.colcon_core.package_identification:_identify(src) by extensions ['ignore', 'ignore_ament_install']
[0.161s] Level 1:colcon.colcon_core.package_identification:_identify(src) by extension 'ignore'
[0.161s] Level 1:colcon.colcon_core.package_identification:_identify(src) by extension 'ignore_ament_install'
[0.161s] Level 1:colcon.colcon_core.package_identification:_identify(src) by extensions ['colcon_pkg']
[0.161s] Level 1:colcon.colcon_core.package_identification:_identify(src) by extension 'colcon_pkg'
[0.161s] Level 1:colcon.colcon_core.package_identification:_identify(src) by extensions ['colcon_meta']
[0.161s] Level 1:colcon.colcon_core.package_identification:_identify(src) by extension 'colcon_meta'
[0.161s] Level 1:colcon.colcon_core.package_identification:_identify(src) by extensions ['ros']
[0.161s] Level 1:colcon.colcon_core.package_identification:_identify(src) by extension 'ros'
[0.161s] Level 1:colcon.colcon_core.package_identification:_identify(src) by extensions ['cmake', 'python']
[0.161s] Level 1:colcon.colcon_core.package_identification:_identify(src) by extension 'cmake'
[0.161s] Level 1:colcon.colcon_core.package_identification:_identify(src) by extension 'python'
[0.161s] Level 1:colcon.colcon_core.package_identification:_identify(src) by extensions ['python_setup_py']
[0.161s] Level 1:colcon.colcon_core.package_identification:_identify(src) by extension 'python_setup_py'
[0.161s] Level 1:colcon.colcon_core.package_identification:_identify(src/dual_arm_servo_moveit_config) by extensions ['ignore', 'ignore_ament_install']
[0.161s] Level 1:colcon.colcon_core.package_identification:_identify(src/dual_arm_servo_moveit_config) by extension 'ignore'
[0.161s] Level 1:colcon.colcon_core.package_identification:_identify(src/dual_arm_servo_moveit_config) by extension 'ignore_ament_install'
[0.161s] Level 1:colcon.colcon_core.package_identification:_identify(src/dual_arm_servo_moveit_config) by extensions ['colcon_pkg']
[0.161s] Level 1:colcon.colcon_core.package_identification:_identify(src/dual_arm_servo_moveit_config) by extension 'colcon_pkg'
[0.161s] Level 1:colcon.colcon_core.package_identification:_identify(src/dual_arm_servo_moveit_config) by extensions ['colcon_meta']
[0.161s] Level 1:colcon.colcon_core.package_identification:_identify(src/dual_arm_servo_moveit_config) by extension 'colcon_meta'
[0.161s] Level 1:colcon.colcon_core.package_identification:_identify(src/dual_arm_servo_moveit_config) by extensions ['ros']
[0.161s] Level 1:colcon.colcon_core.package_identification:_identify(src/dual_arm_servo_moveit_config) by extension 'ros'
[0.162s] DEBUG:colcon.colcon_core.package_identification:Package 'src/dual_arm_servo_moveit_config' with type 'ros.ament_cmake' and name 'dual_arm_servo_moveit_config'
[0.163s] Level 1:colcon.colcon_core.package_identification:_identify(src/teleop_dual_arm) by extensions ['ignore', 'ignore_ament_install']
[0.163s] Level 1:colcon.colcon_core.package_identification:_identify(src/teleop_dual_arm) by extension 'ignore'
[0.163s] Level 1:colcon.colcon_core.package_identification:_identify(src/teleop_dual_arm) by extension 'ignore_ament_install'
[0.163s] Level 1:colcon.colcon_core.package_identification:_identify(src/teleop_dual_arm) by extensions ['colcon_pkg']
[0.163s] Level 1:colcon.colcon_core.package_identification:_identify(src/teleop_dual_arm) by extension 'colcon_pkg'
[0.163s] Level 1:colcon.colcon_core.package_identification:_identify(src/teleop_dual_arm) by extensions ['colcon_meta']
[0.163s] Level 1:colcon.colcon_core.package_identification:_identify(src/teleop_dual_arm) by extension 'colcon_meta'
[0.163s] Level 1:colcon.colcon_core.package_identification:_identify(src/teleop_dual_arm) by extensions ['ros']
[0.163s] Level 1:colcon.colcon_core.package_identification:_identify(src/teleop_dual_arm) by extension 'ros'
[0.163s] DEBUG:colcon.colcon_core.package_identification:Package 'src/teleop_dual_arm' with type 'ros.ament_python' and name 'teleop_dual_arm'
[0.163s] Level 1:colcon.colcon_core.package_discovery:discover_packages(recursive) using defaults
[0.163s] Level 1:colcon.colcon_core.package_discovery:discover_packages(ignore) discover
[0.163s] Level 1:colcon.colcon_core.package_discovery:discover_packages(ignore) using defaults
[0.163s] Level 1:colcon.colcon_core.package_discovery:discover_packages(path) discover
[0.163s] Level 1:colcon.colcon_core.package_discovery:discover_packages(path) using defaults
[0.182s] Level 5:colcon.colcon_core.verb:set package 'dual_arm_servo_moveit_config' build argument 'cmake_args' from command line to 'None'
[0.182s] Level 5:colcon.colcon_core.verb:set package 'dual_arm_servo_moveit_config' build argument 'cmake_target' from command line to 'None'
[0.182s] Level 5:colcon.colcon_core.verb:set package 'dual_arm_servo_moveit_config' build argument 'cmake_target_skip_unavailable' from command line to 'False'
[0.182s] Level 5:colcon.colcon_core.verb:set package 'dual_arm_servo_moveit_config' build argument 'cmake_clean_cache' from command line to 'False'
[0.182s] Level 5:colcon.colcon_core.verb:set package 'dual_arm_servo_moveit_config' build argument 'cmake_clean_first' from command line to 'False'
[0.182s] Level 5:colcon.colcon_core.verb:set package 'dual_arm_servo_moveit_config' build argument 'cmake_force_configure' from command line to 'False'
[0.182s] Level 5:colcon.colcon_core.verb:set package 'dual_arm_servo_moveit_config' build argument 'ament_cmake_args' from command line to 'None'
[0.182s] Level 5:colcon.colcon_core.verb:set package 'dual_arm_servo_moveit_config' build argument 'catkin_cmake_args' from command line to 'None'
[0.182s] Level 5:colcon.colcon_core.verb:set package 'dual_arm_servo_moveit_config' build argument 'catkin_skip_building_tests' from command line to 'False'
[0.182s] DEBUG:colcon.colcon_core.verb:Building package 'dual_arm_servo_moveit_config' with the following arguments: {'ament_cmake_args': None, 'build_base': '/workspaces/challenge_ws/build/dual_arm_servo_moveit_config', 'catkin_cmake_args': None, 'catkin_skip_building_tests': False, 'cmake_args': None, 'cmake_clean_cache': False, 'cmake_clean_first': False, 'cmake_force_configure': False, 'cmake_target': None, 'cmake_target_skip_unavailable': False, 'install_base': '/workspaces/challenge_ws/install/dual_arm_servo_moveit_config', 'merge_install': False, 'path': '/workspaces/challenge_ws/src/dual_arm_servo_moveit_config', 'symlink_install': True, 'test_result_base': None}
[0.183s] Level 5:colcon.colcon_core.verb:set package 'teleop_dual_arm' build argument 'cmake_args' from command line to 'None'
[0.183s] Level 5:colcon.colcon_core.verb:set package 'teleop_dual_arm' build argument 'cmake_target' from command line to 'None'
[0.183s] Level 5:colcon.colcon_core.verb:set package 'teleop_dual_arm' build argument 'cmake_target_skip_unavailable' from command line to 'False'
[0.183s] Level 5:colcon.colcon_core.verb:set package 'teleop_dual_arm' build argument 'cmake_clean_cache' from command line to 'False'
[0.183s] Level 5:colcon.colcon_core.verb:set package 'teleop_dual_arm' build argument 'cmake_clean_first' from command line to 'False'
[0.183s] Level 5:colcon.colcon_core.verb:set package 'teleop_dual_arm' build argument 'cmake_force_configure' from command line to 'False'
[0.183s] Level 5:colcon.colcon_core.verb:set package 'teleop_dual_arm' build argument 'ament_cmake_args' from command line to 'None'
[0.183s] Level 5:colcon.colcon_core.verb:set package 'teleop_dual_arm' build argument 'catkin_cmake_args' from command line to 'None'
[0.183s] Level 5:colcon.colcon_core.verb:set package 'teleop_dual_arm' build argument 'catkin_skip_building_tests' from command line to 'False'
[0.183s] DEBUG:colcon.colcon_core.verb:Building package 'teleop_dual_arm' with the following arguments: {'ament_cmake_args': None, 'build_base': '/workspaces/challenge_ws/build/teleop_dual_arm', 'catkin_cmake_args': None, 'catkin_skip_building_tests': False, 'cmake_args': None, 'cmake_clean_cache': False, 'cmake_clean_first': False, 'cmake_force_configure': False, 'cmake_target': None, 'cmake_target_skip_unavailable': False, 'install_base': '/workspaces/challenge_ws/install/teleop_dual_arm', 'merge_install': False, 'path': '/workspaces/challenge_ws/src/teleop_dual_arm', 'symlink_install': True, 'test_result_base': None}
[0.183s] INFO:colcon.colcon_core.executor:Executing jobs using 'parallel' executor
[0.184s] DEBUG:colcon.colcon_parallel_executor.executor.parallel:run_until_complete
[0.184s] INFO:colcon.colcon_ros.task.ament_cmake.build:Building ROS package in '/workspaces/challenge_ws/src/dual_arm_servo_moveit_config' with build type 'ament_cmake'
[0.184s] INFO:colcon.colcon_cmake.task.cmake.build:Building CMake package in '/workspaces/challenge_ws/src/dual_arm_servo_moveit_config'
[0.186s] INFO:colcon.colcon_core.plugin_system:Skipping extension 'colcon_core.shell.bat': Not used on non-Windows systems
[0.186s] INFO:colcon.colcon_core.shell:Skip shell extension 'powershell' for command environment: Not usable outside of PowerShell
[0.186s] DEBUG:colcon.colcon_core.shell:Skip shell extension 'dsv' for command environment
[0.186s] WARNING:colcon.colcon_ros.prefix_path.ament:The path '/workspaces/challenge_ws/install/v4l2_camera' in the environment variable AMENT_PREFIX_PATH doesn't exist
[0.186s] WARNING:colcon.colcon_ros.prefix_path.ament:The path '/workspaces/challenge_ws/install/teleop_dual_arm' in the environment variable AMENT_PREFIX_PATH doesn't exist
[0.186s] WARNING:colcon.colcon_ros.prefix_path.ament:The path '/workspaces/challenge_ws/install/dual_arm_servo_moveit_config' in the environment variable AMENT_PREFIX_PATH doesn't exist
[0.188s] WARNING:colcon.colcon_ros.prefix_path.catkin:The path '/workspaces/challenge_ws/install/v4l2_camera' in the environment variable CMAKE_PREFIX_PATH doesn't exist
[0.188s] WARNING:colcon.colcon_ros.prefix_path.catkin:The path '/workspaces/challenge_ws/install/dual_arm_servo_moveit_config' in the environment variable CMAKE_PREFIX_PATH doesn't exist
[0.192s] INFO:colcon.colcon_ros.task.ament_python.build:Building ROS package in '/workspaces/challenge_ws/src/teleop_dual_arm' with build type 'ament_python'
[0.192s] Level 1:colcon.colcon_core.shell:create_environment_hook('teleop_dual_arm', 'ament_prefix_path')
[0.193s] INFO:colcon.colcon_core.shell:Creating environment hook '/workspaces/challenge_ws/install/teleop_dual_arm/share/teleop_dual_arm/hook/ament_prefix_path.ps1'
[0.193s] INFO:colcon.colcon_core.shell:Creating environment descriptor '/workspaces/challenge_ws/install/teleop_dual_arm/share/teleop_dual_arm/hook/ament_prefix_path.dsv'
[0.194s] INFO:colcon.colcon_core.shell:Creating environment hook '/workspaces/challenge_ws/install/teleop_dual_arm/share/teleop_dual_arm/hook/ament_prefix_path.sh'
[0.194s] INFO:colcon.colcon_core.shell:Skip shell extension 'powershell' for command environment: Not usable outside of PowerShell
[0.194s] DEBUG:colcon.colcon_core.shell:Skip shell extension 'dsv' for command environment
[0.201s] DEBUG:colcon.colcon_core.event_handler.log_command:Invoking command in '/workspaces/challenge_ws/build/dual_arm_servo_moveit_config': CMAKE_PREFIX_PATH=${CMAKE_PREFIX_PATH}:/workspaces/challenge_ws/install/teleop_dual_arm:/root/ws_moveit/install/moveit_configs_utils:/opt/ros/humble /usr/bin/cmake /workspaces/challenge_ws/src/dual_arm_servo_moveit_config -DAMENT_CMAKE_SYMLINK_INSTALL=1 -DCMAKE_INSTALL_PREFIX=/workspaces/challenge_ws/install/dual_arm_servo_moveit_config
[0.349s] INFO:colcon.colcon_core.task.python.build:Building Python package in '/workspaces/challenge_ws/src/teleop_dual_arm'
[0.349s] INFO:colcon.colcon_core.shell:Skip shell extension 'powershell' for command environment: Not usable outside of PowerShell
[0.349s] DEBUG:colcon.colcon_core.shell:Skip shell extension 'dsv' for command environment
[0.575s] DEBUG:colcon.colcon_core.event_handler.log_command:Invoking command in '/workspaces/challenge_ws/build/teleop_dual_arm': PYTHONPATH=/workspaces/challenge_ws/build/teleop_dual_arm/prefix_override:/usr/lib/python3/dist-packages/colcon_core/task/python/colcon_distutils_commands:/workspaces/challenge_ws/install/teleop_dual_arm/lib/python3.10/site-packages:${PYTHONPATH} /usr/bin/python3 -W ignore:setup.py install is deprecated -W ignore:easy_install command is deprecated setup.py develop --editable --build-directory /workspaces/challenge_ws/build/teleop_dual_arm/build --no-deps symlink_data
[0.839s] DEBUG:colcon.colcon_core.event_handler.log_command:Invoked command in '/workspaces/challenge_ws/build/dual_arm_servo_moveit_config' returned '0': CMAKE_PREFIX_PATH=${CMAKE_PREFIX_PATH}:/workspaces/challenge_ws/install/teleop_dual_arm:/root/ws_moveit/install/moveit_configs_utils:/opt/ros/humble /usr/bin/cmake /workspaces/challenge_ws/src/dual_arm_servo_moveit_config -DAMENT_CMAKE_SYMLINK_INSTALL=1 -DCMAKE_INSTALL_PREFIX=/workspaces/challenge_ws/install/dual_arm_servo_moveit_config
[0.841s] DEBUG:colcon.colcon_core.event_handler.log_command:Invoking command in '/workspaces/challenge_ws/build/dual_arm_servo_moveit_config': CMAKE_PREFIX_PATH=${CMAKE_PREFIX_PATH}:/workspaces/challenge_ws/install/teleop_dual_arm:/root/ws_moveit/install/moveit_configs_utils:/opt/ros/humble /usr/bin/cmake --build /workspaces/challenge_ws/build/dual_arm_servo_moveit_config -- -j20 -l20
[0.841s] Level 1:colcon.colcon_core.shell:create_environment_hook('teleop_dual_arm', 'pythonpath_develop')
[0.842s] INFO:colcon.colcon_core.shell:Creating environment hook '/workspaces/challenge_ws/build/teleop_dual_arm/share/teleop_dual_arm/hook/pythonpath_develop.ps1'
[0.842s] DEBUG:colcon.colcon_core.event_handler.log_command:Invoked command in '/workspaces/challenge_ws/build/teleop_dual_arm' returned '0': PYTHONPATH=/workspaces/challenge_ws/build/teleop_dual_arm/prefix_override:/usr/lib/python3/dist-packages/colcon_core/task/python/colcon_distutils_commands:/workspaces/challenge_ws/install/teleop_dual_arm/lib/python3.10/site-packages:${PYTHONPATH} /usr/bin/python3 -W ignore:setup.py install is deprecated -W ignore:easy_install command is deprecated setup.py develop --editable --build-directory /workspaces/challenge_ws/build/teleop_dual_arm/build --no-deps symlink_data
[0.842s] INFO:colcon.colcon_core.shell:Creating environment descriptor '/workspaces/challenge_ws/build/teleop_dual_arm/share/teleop_dual_arm/hook/pythonpath_develop.dsv'
[0.843s] INFO:colcon.colcon_core.shell:Creating environment hook '/workspaces/challenge_ws/build/teleop_dual_arm/share/teleop_dual_arm/hook/pythonpath_develop.sh'
[0.845s] Level 1:colcon.colcon_core.environment:checking '/workspaces/challenge_ws/install/teleop_dual_arm' for CMake module files
[0.846s] Level 1:colcon.colcon_core.environment:checking '/workspaces/challenge_ws/install/teleop_dual_arm' for CMake config files
[0.846s] Level 1:colcon.colcon_core.environment:checking '/workspaces/challenge_ws/install/teleop_dual_arm/lib'
[0.847s] Level 1:colcon.colcon_core.environment:checking '/workspaces/challenge_ws/install/teleop_dual_arm/bin'
[0.847s] Level 1:colcon.colcon_core.environment:checking '/workspaces/challenge_ws/install/teleop_dual_arm/lib/pkgconfig/teleop_dual_arm.pc'
[0.847s] Level 1:colcon.colcon_core.environment:checking '/workspaces/challenge_ws/install/teleop_dual_arm/lib/python3.10/site-packages'
[0.847s] Level 1:colcon.colcon_core.shell:create_environment_hook('teleop_dual_arm', 'pythonpath')
[0.847s] INFO:colcon.colcon_core.shell:Creating environment hook '/workspaces/challenge_ws/install/teleop_dual_arm/share/teleop_dual_arm/hook/pythonpath.ps1'
[0.848s] INFO:colcon.colcon_core.shell:Creating environment descriptor '/workspaces/challenge_ws/install/teleop_dual_arm/share/teleop_dual_arm/hook/pythonpath.dsv'
[0.848s] INFO:colcon.colcon_core.shell:Creating environment hook '/workspaces/challenge_ws/install/teleop_dual_arm/share/teleop_dual_arm/hook/pythonpath.sh'
[0.849s] Level 1:colcon.colcon_core.environment:checking '/workspaces/challenge_ws/install/teleop_dual_arm/bin'
[0.849s] Level 1:colcon.colcon_core.environment:create_environment_scripts_only(teleop_dual_arm)
[0.849s] INFO:colcon.colcon_core.shell:Creating package script '/workspaces/challenge_ws/install/teleop_dual_arm/share/teleop_dual_arm/package.ps1'
[0.850s] INFO:colcon.colcon_core.shell:Creating package descriptor '/workspaces/challenge_ws/install/teleop_dual_arm/share/teleop_dual_arm/package.dsv'
[0.851s] INFO:colcon.colcon_core.shell:Creating package script '/workspaces/challenge_ws/install/teleop_dual_arm/share/teleop_dual_arm/package.sh'
[0.851s] INFO:colcon.colcon_core.shell:Creating package script '/workspaces/challenge_ws/install/teleop_dual_arm/share/teleop_dual_arm/package.bash'
[0.852s] INFO:colcon.colcon_core.shell:Creating package script '/workspaces/challenge_ws/install/teleop_dual_arm/share/teleop_dual_arm/package.zsh'
[0.853s] Level 1:colcon.colcon_core.environment:create_file_with_runtime_dependencies(/workspaces/challenge_ws/install/teleop_dual_arm/share/colcon-core/packages/teleop_dual_arm)
[0.878s] DEBUG:colcon.colcon_core.event_handler.log_command:Invoked command in '/workspaces/challenge_ws/build/dual_arm_servo_moveit_config' returned '0': CMAKE_PREFIX_PATH=${CMAKE_PREFIX_PATH}:/workspaces/challenge_ws/install/teleop_dual_arm:/root/ws_moveit/install/moveit_configs_utils:/opt/ros/humble /usr/bin/cmake --build /workspaces/challenge_ws/build/dual_arm_servo_moveit_config -- -j20 -l20
[0.888s] DEBUG:colcon.colcon_core.event_handler.log_command:Invoking command in '/workspaces/challenge_ws/build/dual_arm_servo_moveit_config': CMAKE_PREFIX_PATH=${CMAKE_PREFIX_PATH}:/workspaces/challenge_ws/install/teleop_dual_arm:/root/ws_moveit/install/moveit_configs_utils:/opt/ros/humble /usr/bin/cmake --install /workspaces/challenge_ws/build/dual_arm_servo_moveit_config
[1.247s] Level 1:colcon.colcon_core.environment:create_environment_scripts_only(dual_arm_servo_moveit_config)
[1.247s] Level 1:colcon.colcon_core.environment:checking '/workspaces/challenge_ws/install/dual_arm_servo_moveit_config' for CMake module files
[1.247s] DEBUG:colcon.colcon_core.event_handler.log_command:Invoked command in '/workspaces/challenge_ws/build/dual_arm_servo_moveit_config' returned '0': CMAKE_PREFIX_PATH=${CMAKE_PREFIX_PATH}:/workspaces/challenge_ws/install/teleop_dual_arm:/root/ws_moveit/install/moveit_configs_utils:/opt/ros/humble /usr/bin/cmake --install /workspaces/challenge_ws/build/dual_arm_servo_moveit_config
[1.248s] Level 1:colcon.colcon_core.environment:checking '/workspaces/challenge_ws/install/dual_arm_servo_moveit_config' for CMake config files
[1.248s] Level 1:colcon.colcon_core.shell:create_environment_hook('dual_arm_servo_moveit_config', 'cmake_prefix_path')
[1.248s] INFO:colcon.colcon_core.shell:Creating environment hook '/workspaces/challenge_ws/install/dual_arm_servo_moveit_config/share/dual_arm_servo_moveit_config/hook/cmake_prefix_path.ps1'
[1.249s] INFO:colcon.colcon_core.shell:Creating environment descriptor '/workspaces/challenge_ws/install/dual_arm_servo_moveit_config/share/dual_arm_servo_moveit_config/hook/cmake_prefix_path.dsv'
[1.249s] INFO:colcon.colcon_core.shell:Creating environment hook '/workspaces/challenge_ws/install/dual_arm_servo_moveit_config/share/dual_arm_servo_moveit_config/hook/cmake_prefix_path.sh'
[1.250s] Level 1:colcon.colcon_core.environment:checking '/workspaces/challenge_ws/install/dual_arm_servo_moveit_config/bin'
[1.250s] Level 1:colcon.colcon_core.environment:checking '/workspaces/challenge_ws/install/dual_arm_servo_moveit_config/lib/pkgconfig/dual_arm_servo_moveit_config.pc'
[1.250s] Level 1:colcon.colcon_core.environment:checking '/workspaces/challenge_ws/install/dual_arm_servo_moveit_config/lib/python3.10/site-packages'
[1.250s] Level 1:colcon.colcon_core.environment:checking '/workspaces/challenge_ws/install/dual_arm_servo_moveit_config/bin'
[1.251s] INFO:colcon.colcon_core.shell:Creating package script '/workspaces/challenge_ws/install/dual_arm_servo_moveit_config/share/dual_arm_servo_moveit_config/package.ps1'
[1.251s] INFO:colcon.colcon_core.shell:Creating package descriptor '/workspaces/challenge_ws/install/dual_arm_servo_moveit_config/share/dual_arm_servo_moveit_config/package.dsv'
[1.252s] INFO:colcon.colcon_core.shell:Creating package script '/workspaces/challenge_ws/install/dual_arm_servo_moveit_config/share/dual_arm_servo_moveit_config/package.sh'
[1.252s] INFO:colcon.colcon_core.shell:Creating package script '/workspaces/challenge_ws/install/dual_arm_servo_moveit_config/share/dual_arm_servo_moveit_config/package.bash'
[1.252s] INFO:colcon.colcon_core.shell:Creating package script '/workspaces/challenge_ws/install/dual_arm_servo_moveit_config/share/dual_arm_servo_moveit_config/package.zsh'
[1.253s] Level 1:colcon.colcon_core.environment:create_file_with_runtime_dependencies(/workspaces/challenge_ws/install/dual_arm_servo_moveit_config/share/colcon-core/packages/dual_arm_servo_moveit_config)
[1.253s] Level 1:colcon.colcon_core.environment:create_environment_scripts_only(dual_arm_servo_moveit_config)
[1.254s] Level 1:colcon.colcon_core.environment:checking '/workspaces/challenge_ws/install/dual_arm_servo_moveit_config' for CMake module files
[1.254s] Level 1:colcon.colcon_core.environment:checking '/workspaces/challenge_ws/install/dual_arm_servo_moveit_config' for CMake config files
[1.254s] Level 1:colcon.colcon_core.shell:create_environment_hook('dual_arm_servo_moveit_config', 'cmake_prefix_path')
[1.255s] INFO:colcon.colcon_core.shell:Creating environment hook '/workspaces/challenge_ws/install/dual_arm_servo_moveit_config/share/dual_arm_servo_moveit_config/hook/cmake_prefix_path.ps1'
[1.255s] INFO:colcon.colcon_core.shell:Creating environment descriptor '/workspaces/challenge_ws/install/dual_arm_servo_moveit_config/share/dual_arm_servo_moveit_config/hook/cmake_prefix_path.dsv'
[1.255s] INFO:colcon.colcon_core.shell:Creating environment hook '/workspaces/challenge_ws/install/dual_arm_servo_moveit_config/share/dual_arm_servo_moveit_config/hook/cmake_prefix_path.sh'
[1.256s] Level 1:colcon.colcon_core.environment:checking '/workspaces/challenge_ws/install/dual_arm_servo_moveit_config/bin'
[1.256s] Level 1:colcon.colcon_core.environment:checking '/workspaces/challenge_ws/install/dual_arm_servo_moveit_config/lib/pkgconfig/dual_arm_servo_moveit_config.pc'
[1.256s] Level 1:colcon.colcon_core.environment:checking '/workspaces/challenge_ws/install/dual_arm_servo_moveit_config/lib/python3.10/site-packages'
[1.256s] Level 1:colcon.colcon_core.environment:checking '/workspaces/challenge_ws/install/dual_arm_servo_moveit_config/bin'
[1.257s] INFO:colcon.colcon_core.shell:Creating package script '/workspaces/challenge_ws/install/dual_arm_servo_moveit_config/share/dual_arm_servo_moveit_config/package.ps1'
[1.257s] INFO:colcon.colcon_core.shell:Creating package descriptor '/workspaces/challenge_ws/install/dual_arm_servo_moveit_config/share/dual_arm_servo_moveit_config/package.dsv'
[1.257s] INFO:colcon.colcon_core.shell:Creating package script '/workspaces/challenge_ws/install/dual_arm_servo_moveit_config/share/dual_arm_servo_moveit_config/package.sh'
[1.258s] INFO:colcon.colcon_core.shell:Creating package script '/workspaces/challenge_ws/install/dual_arm_servo_moveit_config/share/dual_arm_servo_moveit_config/package.bash'
[1.258s] INFO:colcon.colcon_core.shell:Creating package script '/workspaces/challenge_ws/install/dual_arm_servo_moveit_config/share/dual_arm_servo_moveit_config/package.zsh'
[1.259s] Level 1:colcon.colcon_core.environment:create_file_with_runtime_dependencies(/workspaces/challenge_ws/install/dual_arm_servo_moveit_config/share/colcon-core/packages/dual_arm_servo_moveit_config)
[1.259s] DEBUG:colcon.colcon_parallel_executor.executor.parallel:closing loop
[1.259s] DEBUG:colcon.colcon_parallel_executor.executor.parallel:loop closed
[1.259s] DEBUG:colcon.colcon_parallel_executor.executor.parallel:run_until_complete finished with '0'
[1.259s] DEBUG:colcon.colcon_core.event_reactor:joining thread
[1.264s] INFO:colcon.colcon_core.plugin_system:Skipping extension 'colcon_notification.desktop_notification.notify_send': Could not find 'notify-send'
[1.264s] INFO:colcon.colcon_core.plugin_system:Skipping extension 'colcon_notification.desktop_notification.terminal_notifier': Not used on non-Darwin systems
[1.264s] INFO:colcon.colcon_core.plugin_system:Skipping extension 'colcon_notification.desktop_notification.win32': Not used on non-Windows systems
[1.264s] INFO:colcon.colcon_notification.desktop_notification:Sending desktop notification using 'notify2'
[1.266s] DEBUG:colcon.colcon_notification.desktop_notification.notify2:Failed to initialize notify2: org.freedesktop.DBus.Error.Spawn.ExecFailed: /usr/bin/dbus-launch terminated abnormally without any error message
[1.266s] DEBUG:colcon.colcon_core.event_reactor:joined thread
[1.267s] INFO:colcon.colcon_core.shell:Creating prefix script '/workspaces/challenge_ws/install/local_setup.ps1'
[1.268s] INFO:colcon.colcon_core.shell:Creating prefix util module '/workspaces/challenge_ws/install/_local_setup_util_ps1.py'
[1.269s] INFO:colcon.colcon_core.shell:Creating prefix chain script '/workspaces/challenge_ws/install/setup.ps1'
[1.273s] INFO:colcon.colcon_core.shell:Creating prefix script '/workspaces/challenge_ws/install/local_setup.sh'
[1.274s] INFO:colcon.colcon_core.shell:Creating prefix util module '/workspaces/challenge_ws/install/_local_setup_util_sh.py'
[1.275s] INFO:colcon.colcon_core.shell:Creating prefix chain script '/workspaces/challenge_ws/install/setup.sh'
[1.279s] INFO:colcon.colcon_core.shell:Creating prefix script '/workspaces/challenge_ws/install/local_setup.bash'
[1.279s] INFO:colcon.colcon_core.shell:Creating prefix chain script '/workspaces/challenge_ws/install/setup.bash'
[1.283s] INFO:colcon.colcon_core.shell:Creating prefix script '/workspaces/challenge_ws/install/local_setup.zsh'
[1.284s] INFO:colcon.colcon_core.shell:Creating prefix chain script '/workspaces/challenge_ws/install/setup.zsh'
