[0.113s] DEBUG:colcon:Command line arguments: ['/usr/bin/colcon', 'build', '--symlink-install']
[0.113s] DEBUG:colcon:Parsed command line arguments: Namespace(log_base=None, log_level=None, verb_name='build', build_base='build', install_base='install', merge_install=False, symlink_install=True, test_result_base=None, continue_on_error=False, executor='parallel', parallel_workers=20, event_handlers=None, ignore_user_meta=False, metas=['./colcon.meta'], base_paths=['.'], packages_ignore=None, packages_ignore_regex=None, paths=None, packages_up_to=None, packages_up_to_regex=None, packages_above=None, packages_above_and_dependencies=None, packages_above_depth=None, packages_select_by_dep=None, packages_skip_by_dep=None, packages_skip_up_to=None, packages_select_build_failed=False, packages_skip_build_finished=False, packages_select_test_failures=False, packages_skip_test_passed=False, packages_select=None, packages_skip=None, packages_select_regex=None, packages_skip_regex=None, packages_start=None, packages_end=None, cmake_args=None, cmake_target=None, cmake_target_skip_unavailable=False, cmake_clean_cache=False, cmake_clean_first=False, cmake_force_configure=False, ament_cmake_args=None, catkin_cmake_args=None, catkin_skip_building_tests=False, mixin_files=None, mixin=None, verb_parser=<colcon_mixin.mixin.mixin_argument.MixinArgumentDecorator object at 0x7acd33ac5450>, verb_extension=<colcon_core.verb.build.BuildVerb object at 0x7acd33ac4730>, main=<bound method BuildVerb.main of <colcon_core.verb.build.BuildVerb object at 0x7acd33ac4730>>, mixin_verb=('build',))
[0.193s] Level 1:colcon.colcon_core.package_discovery:discover_packages(colcon_meta) check parameters
[0.193s] INFO:colcon.colcon_metadata.package_discovery.colcon_meta:Using configuration from '/root/.colcon/metadata/default/Gazebo.meta'
[0.194s] INFO:colcon.colcon_metadata.package_discovery.colcon_meta:Using configuration from '/root/.colcon/metadata/default/fastrtps.meta'
[0.194s] Level 1:colcon.colcon_core.package_discovery:discover_packages(recursive) check parameters
[0.194s] Level 1:colcon.colcon_core.package_discovery:discover_packages(ignore) check parameters
[0.194s] Level 1:colcon.colcon_core.package_discovery:discover_packages(path) check parameters
[0.194s] Level 1:colcon.colcon_core.package_discovery:discover_packages(colcon_meta) discover
[0.194s] Level 1:colcon.colcon_core.package_discovery:discover_packages(recursive) discover
[0.194s] INFO:colcon.colcon_core.package_discovery:Crawling recursively for packages in '/workspaces/challenge_ws'
[0.194s] Level 1:colcon.colcon_core.package_identification:_identify(.) by extensions ['ignore', 'ignore_ament_install']
[0.194s] Level 1:colcon.colcon_core.package_identification:_identify(.) by extension 'ignore'
[0.194s] Level 1:colcon.colcon_core.package_identification:_identify(.) by extension 'ignore_ament_install'
[0.194s] Level 1:colcon.colcon_core.package_identification:_identify(.) by extensions ['colcon_pkg']
[0.194s] Level 1:colcon.colcon_core.package_identification:_identify(.) by extension 'colcon_pkg'
[0.194s] Level 1:colcon.colcon_core.package_identification:_identify(.) by extensions ['colcon_meta']
[0.194s] Level 1:colcon.colcon_core.package_identification:_identify(.) by extension 'colcon_meta'
[0.194s] Level 1:colcon.colcon_core.package_identification:_identify(.) by extensions ['ros']
[0.194s] Level 1:colcon.colcon_core.package_identification:_identify(.) by extension 'ros'
[0.201s] Level 1:colcon.colcon_core.package_identification:_identify(.) by extensions ['cmake', 'python']
[0.201s] Level 1:colcon.colcon_core.package_identification:_identify(.) by extension 'cmake'
[0.201s] Level 1:colcon.colcon_core.package_identification:_identify(.) by extension 'python'
[0.201s] Level 1:colcon.colcon_core.package_identification:_identify(.) by extensions ['python_setup_py']
[0.201s] Level 1:colcon.colcon_core.package_identification:_identify(.) by extension 'python_setup_py'
[0.201s] Level 1:colcon.colcon_core.package_identification:_identify(build) by extensions ['ignore', 'ignore_ament_install']
[0.201s] Level 1:colcon.colcon_core.package_identification:_identify(build) by extension 'ignore'
[0.201s] Level 1:colcon.colcon_core.package_identification:_identify(build) ignored
[0.201s] Level 1:colcon.colcon_core.package_identification:_identify(install) by extensions ['ignore', 'ignore_ament_install']
[0.201s] Level 1:colcon.colcon_core.package_identification:_identify(install) by extension 'ignore'
[0.201s] Level 1:colcon.colcon_core.package_identification:_identify(install) ignored
[0.201s] Level 1:colcon.colcon_core.package_identification:_identify(log) by extensions ['ignore', 'ignore_ament_install']
[0.201s] Level 1:colcon.colcon_core.package_identification:_identify(log) by extension 'ignore'
[0.201s] Level 1:colcon.colcon_core.package_identification:_identify(log) ignored
[0.201s] Level 1:colcon.colcon_core.package_identification:_identify(src) by extensions ['ignore', 'ignore_ament_install']
[0.201s] Level 1:colcon.colcon_core.package_identification:_identify(src) by extension 'ignore'
[0.201s] Level 1:colcon.colcon_core.package_identification:_identify(src) by extension 'ignore_ament_install'
[0.201s] Level 1:colcon.colcon_core.package_identification:_identify(src) by extensions ['colcon_pkg']
[0.201s] Level 1:colcon.colcon_core.package_identification:_identify(src) by extension 'colcon_pkg'
[0.201s] Level 1:colcon.colcon_core.package_identification:_identify(src) by extensions ['colcon_meta']
[0.201s] Level 1:colcon.colcon_core.package_identification:_identify(src) by extension 'colcon_meta'
[0.201s] Level 1:colcon.colcon_core.package_identification:_identify(src) by extensions ['ros']
[0.201s] Level 1:colcon.colcon_core.package_identification:_identify(src) by extension 'ros'
[0.201s] Level 1:colcon.colcon_core.package_identification:_identify(src) by extensions ['cmake', 'python']
[0.201s] Level 1:colcon.colcon_core.package_identification:_identify(src) by extension 'cmake'
[0.201s] Level 1:colcon.colcon_core.package_identification:_identify(src) by extension 'python'
[0.201s] Level 1:colcon.colcon_core.package_identification:_identify(src) by extensions ['python_setup_py']
[0.201s] Level 1:colcon.colcon_core.package_identification:_identify(src) by extension 'python_setup_py'
[0.201s] Level 1:colcon.colcon_core.package_identification:_identify(src/dual_arm_servo_moveit_config) by extensions ['ignore', 'ignore_ament_install']
[0.201s] Level 1:colcon.colcon_core.package_identification:_identify(src/dual_arm_servo_moveit_config) by extension 'ignore'
[0.201s] Level 1:colcon.colcon_core.package_identification:_identify(src/dual_arm_servo_moveit_config) by extension 'ignore_ament_install'
[0.201s] Level 1:colcon.colcon_core.package_identification:_identify(src/dual_arm_servo_moveit_config) by extensions ['colcon_pkg']
[0.201s] Level 1:colcon.colcon_core.package_identification:_identify(src/dual_arm_servo_moveit_config) by extension 'colcon_pkg'
[0.201s] Level 1:colcon.colcon_core.package_identification:_identify(src/dual_arm_servo_moveit_config) by extensions ['colcon_meta']
[0.202s] Level 1:colcon.colcon_core.package_identification:_identify(src/dual_arm_servo_moveit_config) by extension 'colcon_meta'
[0.202s] Level 1:colcon.colcon_core.package_identification:_identify(src/dual_arm_servo_moveit_config) by extensions ['ros']
[0.202s] Level 1:colcon.colcon_core.package_identification:_identify(src/dual_arm_servo_moveit_config) by extension 'ros'
[0.203s] DEBUG:colcon.colcon_core.package_identification:Package 'src/dual_arm_servo_moveit_config' with type 'ros.ament_cmake' and name 'dual_arm_servo_moveit_config'
[0.203s] Level 1:colcon.colcon_core.package_identification:_identify(src/teleop_dual_arm) by extensions ['ignore', 'ignore_ament_install']
[0.203s] Level 1:colcon.colcon_core.package_identification:_identify(src/teleop_dual_arm) by extension 'ignore'
[0.203s] Level 1:colcon.colcon_core.package_identification:_identify(src/teleop_dual_arm) by extension 'ignore_ament_install'
[0.203s] Level 1:colcon.colcon_core.package_identification:_identify(src/teleop_dual_arm) by extensions ['colcon_pkg']
[0.203s] Level 1:colcon.colcon_core.package_identification:_identify(src/teleop_dual_arm) by extension 'colcon_pkg'
[0.203s] Level 1:colcon.colcon_core.package_identification:_identify(src/teleop_dual_arm) by extensions ['colcon_meta']
[0.203s] Level 1:colcon.colcon_core.package_identification:_identify(src/teleop_dual_arm) by extension 'colcon_meta'
[0.203s] Level 1:colcon.colcon_core.package_identification:_identify(src/teleop_dual_arm) by extensions ['ros']
[0.203s] Level 1:colcon.colcon_core.package_identification:_identify(src/teleop_dual_arm) by extension 'ros'
[0.204s] DEBUG:colcon.colcon_core.package_identification:Package 'src/teleop_dual_arm' with type 'ros.ament_python' and name 'teleop_dual_arm'
[0.204s] Level 1:colcon.colcon_core.package_discovery:discover_packages(recursive) using defaults
[0.204s] Level 1:colcon.colcon_core.package_discovery:discover_packages(ignore) discover
[0.204s] Level 1:colcon.colcon_core.package_discovery:discover_packages(ignore) using defaults
[0.204s] Level 1:colcon.colcon_core.package_discovery:discover_packages(path) discover
[0.204s] Level 1:colcon.colcon_core.package_discovery:discover_packages(path) using defaults
[0.220s] Level 5:colcon.colcon_core.verb:set package 'dual_arm_servo_moveit_config' build argument 'cmake_args' from command line to 'None'
[0.220s] Level 5:colcon.colcon_core.verb:set package 'dual_arm_servo_moveit_config' build argument 'cmake_target' from command line to 'None'
[0.220s] Level 5:colcon.colcon_core.verb:set package 'dual_arm_servo_moveit_config' build argument 'cmake_target_skip_unavailable' from command line to 'False'
[0.220s] Level 5:colcon.colcon_core.verb:set package 'dual_arm_servo_moveit_config' build argument 'cmake_clean_cache' from command line to 'False'
[0.220s] Level 5:colcon.colcon_core.verb:set package 'dual_arm_servo_moveit_config' build argument 'cmake_clean_first' from command line to 'False'
[0.220s] Level 5:colcon.colcon_core.verb:set package 'dual_arm_servo_moveit_config' build argument 'cmake_force_configure' from command line to 'False'
[0.220s] Level 5:colcon.colcon_core.verb:set package 'dual_arm_servo_moveit_config' build argument 'ament_cmake_args' from command line to 'None'
[0.220s] Level 5:colcon.colcon_core.verb:set package 'dual_arm_servo_moveit_config' build argument 'catkin_cmake_args' from command line to 'None'
[0.220s] Level 5:colcon.colcon_core.verb:set package 'dual_arm_servo_moveit_config' build argument 'catkin_skip_building_tests' from command line to 'False'
[0.220s] DEBUG:colcon.colcon_core.verb:Building package 'dual_arm_servo_moveit_config' with the following arguments: {'ament_cmake_args': None, 'build_base': '/workspaces/challenge_ws/build/dual_arm_servo_moveit_config', 'catkin_cmake_args': None, 'catkin_skip_building_tests': False, 'cmake_args': None, 'cmake_clean_cache': False, 'cmake_clean_first': False, 'cmake_force_configure': False, 'cmake_target': None, 'cmake_target_skip_unavailable': False, 'install_base': '/workspaces/challenge_ws/install/dual_arm_servo_moveit_config', 'merge_install': False, 'path': '/workspaces/challenge_ws/src/dual_arm_servo_moveit_config', 'symlink_install': True, 'test_result_base': None}
[0.220s] Level 5:colcon.colcon_core.verb:set package 'teleop_dual_arm' build argument 'cmake_args' from command line to 'None'
[0.220s] Level 5:colcon.colcon_core.verb:set package 'teleop_dual_arm' build argument 'cmake_target' from command line to 'None'
[0.220s] Level 5:colcon.colcon_core.verb:set package 'teleop_dual_arm' build argument 'cmake_target_skip_unavailable' from command line to 'False'
[0.220s] Level 5:colcon.colcon_core.verb:set package 'teleop_dual_arm' build argument 'cmake_clean_cache' from command line to 'False'
[0.220s] Level 5:colcon.colcon_core.verb:set package 'teleop_dual_arm' build argument 'cmake_clean_first' from command line to 'False'
[0.220s] Level 5:colcon.colcon_core.verb:set package 'teleop_dual_arm' build argument 'cmake_force_configure' from command line to 'False'
[0.220s] Level 5:colcon.colcon_core.verb:set package 'teleop_dual_arm' build argument 'ament_cmake_args' from command line to 'None'
[0.220s] Level 5:colcon.colcon_core.verb:set package 'teleop_dual_arm' build argument 'catkin_cmake_args' from command line to 'None'
[0.220s] Level 5:colcon.colcon_core.verb:set package 'teleop_dual_arm' build argument 'catkin_skip_building_tests' from command line to 'False'
[0.220s] DEBUG:colcon.colcon_core.verb:Building package 'teleop_dual_arm' with the following arguments: {'ament_cmake_args': None, 'build_base': '/workspaces/challenge_ws/build/teleop_dual_arm', 'catkin_cmake_args': None, 'catkin_skip_building_tests': False, 'cmake_args': None, 'cmake_clean_cache': False, 'cmake_clean_first': False, 'cmake_force_configure': False, 'cmake_target': None, 'cmake_target_skip_unavailable': False, 'install_base': '/workspaces/challenge_ws/install/teleop_dual_arm', 'merge_install': False, 'path': '/workspaces/challenge_ws/src/teleop_dual_arm', 'symlink_install': True, 'test_result_base': None}
[0.220s] INFO:colcon.colcon_core.executor:Executing jobs using 'parallel' executor
[0.221s] DEBUG:colcon.colcon_parallel_executor.executor.parallel:run_until_complete
[0.221s] INFO:colcon.colcon_ros.task.ament_cmake.build:Building ROS package in '/workspaces/challenge_ws/src/dual_arm_servo_moveit_config' with build type 'ament_cmake'
[0.221s] INFO:colcon.colcon_cmake.task.cmake.build:Building CMake package in '/workspaces/challenge_ws/src/dual_arm_servo_moveit_config'
[0.223s] INFO:colcon.colcon_core.plugin_system:Skipping extension 'colcon_core.shell.bat': Not used on non-Windows systems
[0.223s] INFO:colcon.colcon_core.shell:Skip shell extension 'powershell' for command environment: Not usable outside of PowerShell
[0.223s] DEBUG:colcon.colcon_core.shell:Skip shell extension 'dsv' for command environment
[0.229s] INFO:colcon.colcon_ros.task.ament_python.build:Building ROS package in '/workspaces/challenge_ws/src/teleop_dual_arm' with build type 'ament_python'
[0.229s] Level 1:colcon.colcon_core.shell:create_environment_hook('teleop_dual_arm', 'ament_prefix_path')
[0.229s] INFO:colcon.colcon_core.shell:Creating environment hook '/workspaces/challenge_ws/install/teleop_dual_arm/share/teleop_dual_arm/hook/ament_prefix_path.ps1'
[0.230s] INFO:colcon.colcon_core.shell:Creating environment descriptor '/workspaces/challenge_ws/install/teleop_dual_arm/share/teleop_dual_arm/hook/ament_prefix_path.dsv'
[0.230s] INFO:colcon.colcon_core.shell:Creating environment hook '/workspaces/challenge_ws/install/teleop_dual_arm/share/teleop_dual_arm/hook/ament_prefix_path.sh'
[0.230s] INFO:colcon.colcon_core.shell:Skip shell extension 'powershell' for command environment: Not usable outside of PowerShell
[0.230s] DEBUG:colcon.colcon_core.shell:Skip shell extension 'dsv' for command environment
[0.237s] DEBUG:colcon.colcon_core.event_handler.log_command:Invoking command in '/workspaces/challenge_ws/build/dual_arm_servo_moveit_config': CMAKE_PREFIX_PATH=${CMAKE_PREFIX_PATH}:/root/ws_moveit/install/moveit_configs_utils:/opt/ros/humble /usr/bin/cmake --build /workspaces/challenge_ws/build/dual_arm_servo_moveit_config -- -j20 -l20
[0.386s] INFO:colcon.colcon_core.task.python.build:Building Python package in '/workspaces/challenge_ws/src/teleop_dual_arm'
[0.386s] INFO:colcon.colcon_core.shell:Skip shell extension 'powershell' for command environment: Not usable outside of PowerShell
[0.386s] DEBUG:colcon.colcon_core.shell:Skip shell extension 'dsv' for command environment
[0.391s] DEBUG:colcon.colcon_core.event_handler.log_command:Invoked command in '/workspaces/challenge_ws/build/dual_arm_servo_moveit_config' returned '0': CMAKE_PREFIX_PATH=${CMAKE_PREFIX_PATH}:/root/ws_moveit/install/moveit_configs_utils:/opt/ros/humble /usr/bin/cmake --build /workspaces/challenge_ws/build/dual_arm_servo_moveit_config -- -j20 -l20
[0.400s] DEBUG:colcon.colcon_core.event_handler.log_command:Invoking command in '/workspaces/challenge_ws/build/dual_arm_servo_moveit_config': CMAKE_PREFIX_PATH=${CMAKE_PREFIX_PATH}:/root/ws_moveit/install/moveit_configs_utils:/opt/ros/humble /usr/bin/cmake --install /workspaces/challenge_ws/build/dual_arm_servo_moveit_config
[0.418s] Level 1:colcon.colcon_core.environment:create_environment_scripts_only(dual_arm_servo_moveit_config)
[0.418s] DEBUG:colcon.colcon_core.event_handler.log_command:Invoked command in '/workspaces/challenge_ws/build/dual_arm_servo_moveit_config' returned '0': CMAKE_PREFIX_PATH=${CMAKE_PREFIX_PATH}:/root/ws_moveit/install/moveit_configs_utils:/opt/ros/humble /usr/bin/cmake --install /workspaces/challenge_ws/build/dual_arm_servo_moveit_config
[0.420s] Level 1:colcon.colcon_core.environment:checking '/workspaces/challenge_ws/install/dual_arm_servo_moveit_config' for CMake module files
[0.420s] Level 1:colcon.colcon_core.environment:checking '/workspaces/challenge_ws/install/dual_arm_servo_moveit_config' for CMake config files
[0.420s] Level 1:colcon.colcon_core.shell:create_environment_hook('dual_arm_servo_moveit_config', 'cmake_prefix_path')
[0.421s] INFO:colcon.colcon_core.shell:Creating environment hook '/workspaces/challenge_ws/install/dual_arm_servo_moveit_config/share/dual_arm_servo_moveit_config/hook/cmake_prefix_path.ps1'
[0.421s] INFO:colcon.colcon_core.shell:Creating environment descriptor '/workspaces/challenge_ws/install/dual_arm_servo_moveit_config/share/dual_arm_servo_moveit_config/hook/cmake_prefix_path.dsv'
[0.421s] INFO:colcon.colcon_core.shell:Creating environment hook '/workspaces/challenge_ws/install/dual_arm_servo_moveit_config/share/dual_arm_servo_moveit_config/hook/cmake_prefix_path.sh'
[0.422s] Level 1:colcon.colcon_core.environment:checking '/workspaces/challenge_ws/install/dual_arm_servo_moveit_config/bin'
[0.422s] Level 1:colcon.colcon_core.environment:checking '/workspaces/challenge_ws/install/dual_arm_servo_moveit_config/lib/pkgconfig/dual_arm_servo_moveit_config.pc'
[0.422s] Level 1:colcon.colcon_core.environment:checking '/workspaces/challenge_ws/install/dual_arm_servo_moveit_config/lib/python3.10/site-packages'
[0.422s] Level 1:colcon.colcon_core.environment:checking '/workspaces/challenge_ws/install/dual_arm_servo_moveit_config/bin'
[0.422s] INFO:colcon.colcon_core.shell:Creating package script '/workspaces/challenge_ws/install/dual_arm_servo_moveit_config/share/dual_arm_servo_moveit_config/package.ps1'
[0.423s] INFO:colcon.colcon_core.shell:Creating package descriptor '/workspaces/challenge_ws/install/dual_arm_servo_moveit_config/share/dual_arm_servo_moveit_config/package.dsv'
[0.423s] INFO:colcon.colcon_core.shell:Creating package script '/workspaces/challenge_ws/install/dual_arm_servo_moveit_config/share/dual_arm_servo_moveit_config/package.sh'
[0.423s] INFO:colcon.colcon_core.shell:Creating package script '/workspaces/challenge_ws/install/dual_arm_servo_moveit_config/share/dual_arm_servo_moveit_config/package.bash'
[0.424s] INFO:colcon.colcon_core.shell:Creating package script '/workspaces/challenge_ws/install/dual_arm_servo_moveit_config/share/dual_arm_servo_moveit_config/package.zsh'
[0.424s] Level 1:colcon.colcon_core.environment:create_file_with_runtime_dependencies(/workspaces/challenge_ws/install/dual_arm_servo_moveit_config/share/colcon-core/packages/dual_arm_servo_moveit_config)
[0.425s] Level 1:colcon.colcon_core.environment:create_environment_scripts_only(dual_arm_servo_moveit_config)
[0.425s] Level 1:colcon.colcon_core.environment:checking '/workspaces/challenge_ws/install/dual_arm_servo_moveit_config' for CMake module files
[0.425s] Level 1:colcon.colcon_core.environment:checking '/workspaces/challenge_ws/install/dual_arm_servo_moveit_config' for CMake config files
[0.425s] Level 1:colcon.colcon_core.shell:create_environment_hook('dual_arm_servo_moveit_config', 'cmake_prefix_path')
[0.425s] INFO:colcon.colcon_core.shell:Creating environment hook '/workspaces/challenge_ws/install/dual_arm_servo_moveit_config/share/dual_arm_servo_moveit_config/hook/cmake_prefix_path.ps1'
[0.425s] INFO:colcon.colcon_core.shell:Creating environment descriptor '/workspaces/challenge_ws/install/dual_arm_servo_moveit_config/share/dual_arm_servo_moveit_config/hook/cmake_prefix_path.dsv'
[0.426s] INFO:colcon.colcon_core.shell:Creating environment hook '/workspaces/challenge_ws/install/dual_arm_servo_moveit_config/share/dual_arm_servo_moveit_config/hook/cmake_prefix_path.sh'
[0.426s] Level 1:colcon.colcon_core.environment:checking '/workspaces/challenge_ws/install/dual_arm_servo_moveit_config/bin'
[0.426s] Level 1:colcon.colcon_core.environment:checking '/workspaces/challenge_ws/install/dual_arm_servo_moveit_config/lib/pkgconfig/dual_arm_servo_moveit_config.pc'
[0.426s] Level 1:colcon.colcon_core.environment:checking '/workspaces/challenge_ws/install/dual_arm_servo_moveit_config/lib/python3.10/site-packages'
[0.426s] Level 1:colcon.colcon_core.environment:checking '/workspaces/challenge_ws/install/dual_arm_servo_moveit_config/bin'
[0.426s] INFO:colcon.colcon_core.shell:Creating package script '/workspaces/challenge_ws/install/dual_arm_servo_moveit_config/share/dual_arm_servo_moveit_config/package.ps1'
[0.427s] INFO:colcon.colcon_core.shell:Creating package descriptor '/workspaces/challenge_ws/install/dual_arm_servo_moveit_config/share/dual_arm_servo_moveit_config/package.dsv'
[0.427s] INFO:colcon.colcon_core.shell:Creating package script '/workspaces/challenge_ws/install/dual_arm_servo_moveit_config/share/dual_arm_servo_moveit_config/package.sh'
[0.427s] INFO:colcon.colcon_core.shell:Creating package script '/workspaces/challenge_ws/install/dual_arm_servo_moveit_config/share/dual_arm_servo_moveit_config/package.bash'
[0.427s] INFO:colcon.colcon_core.shell:Creating package script '/workspaces/challenge_ws/install/dual_arm_servo_moveit_config/share/dual_arm_servo_moveit_config/package.zsh'
[0.428s] Level 1:colcon.colcon_core.environment:create_file_with_runtime_dependencies(/workspaces/challenge_ws/install/dual_arm_servo_moveit_config/share/colcon-core/packages/dual_arm_servo_moveit_config)
[0.697s] DEBUG:colcon.colcon_core.event_handler.log_command:Invoking command in '/workspaces/challenge_ws/build/teleop_dual_arm': PYTHONPATH=/workspaces/challenge_ws/build/teleop_dual_arm/prefix_override:/usr/lib/python3/dist-packages/colcon_core/task/python/colcon_distutils_commands:/workspaces/challenge_ws/install/teleop_dual_arm/lib/python3.10/site-packages:${PYTHONPATH} /usr/bin/python3 -W ignore:setup.py install is deprecated -W ignore:easy_install command is deprecated setup.py develop --editable --build-directory /workspaces/challenge_ws/build/teleop_dual_arm/build --no-deps symlink_data
[0.940s] Level 1:colcon.colcon_core.shell:create_environment_hook('teleop_dual_arm', 'pythonpath_develop')
[0.940s] INFO:colcon.colcon_core.shell:Creating environment hook '/workspaces/challenge_ws/build/teleop_dual_arm/share/teleop_dual_arm/hook/pythonpath_develop.ps1'
[0.941s] DEBUG:colcon.colcon_core.event_handler.log_command:Invoked command in '/workspaces/challenge_ws/build/teleop_dual_arm' returned '0': PYTHONPATH=/workspaces/challenge_ws/build/teleop_dual_arm/prefix_override:/usr/lib/python3/dist-packages/colcon_core/task/python/colcon_distutils_commands:/workspaces/challenge_ws/install/teleop_dual_arm/lib/python3.10/site-packages:${PYTHONPATH} /usr/bin/python3 -W ignore:setup.py install is deprecated -W ignore:easy_install command is deprecated setup.py develop --editable --build-directory /workspaces/challenge_ws/build/teleop_dual_arm/build --no-deps symlink_data
[0.941s] INFO:colcon.colcon_core.shell:Creating environment descriptor '/workspaces/challenge_ws/build/teleop_dual_arm/share/teleop_dual_arm/hook/pythonpath_develop.dsv'
[0.941s] INFO:colcon.colcon_core.shell:Creating environment hook '/workspaces/challenge_ws/build/teleop_dual_arm/share/teleop_dual_arm/hook/pythonpath_develop.sh'
[0.942s] Level 1:colcon.colcon_core.environment:checking '/workspaces/challenge_ws/install/teleop_dual_arm' for CMake module files
[0.942s] Level 1:colcon.colcon_core.environment:checking '/workspaces/challenge_ws/install/teleop_dual_arm' for CMake config files
[0.943s] Level 1:colcon.colcon_core.environment:checking '/workspaces/challenge_ws/install/teleop_dual_arm/lib'
[0.943s] Level 1:colcon.colcon_core.environment:checking '/workspaces/challenge_ws/install/teleop_dual_arm/bin'
[0.943s] Level 1:colcon.colcon_core.environment:checking '/workspaces/challenge_ws/install/teleop_dual_arm/lib/pkgconfig/teleop_dual_arm.pc'
[0.944s] Level 1:colcon.colcon_core.environment:checking '/workspaces/challenge_ws/install/teleop_dual_arm/lib/python3.10/site-packages'
[0.944s] Level 1:colcon.colcon_core.shell:create_environment_hook('teleop_dual_arm', 'pythonpath')
[0.944s] INFO:colcon.colcon_core.shell:Creating environment hook '/workspaces/challenge_ws/install/teleop_dual_arm/share/teleop_dual_arm/hook/pythonpath.ps1'
[0.944s] INFO:colcon.colcon_core.shell:Creating environment descriptor '/workspaces/challenge_ws/install/teleop_dual_arm/share/teleop_dual_arm/hook/pythonpath.dsv'
[0.945s] INFO:colcon.colcon_core.shell:Creating environment hook '/workspaces/challenge_ws/install/teleop_dual_arm/share/teleop_dual_arm/hook/pythonpath.sh'
[0.945s] Level 1:colcon.colcon_core.environment:checking '/workspaces/challenge_ws/install/teleop_dual_arm/bin'
[0.945s] Level 1:colcon.colcon_core.environment:create_environment_scripts_only(teleop_dual_arm)
[0.946s] INFO:colcon.colcon_core.shell:Creating package script '/workspaces/challenge_ws/install/teleop_dual_arm/share/teleop_dual_arm/package.ps1'
[0.946s] INFO:colcon.colcon_core.shell:Creating package descriptor '/workspaces/challenge_ws/install/teleop_dual_arm/share/teleop_dual_arm/package.dsv'
[0.947s] INFO:colcon.colcon_core.shell:Creating package script '/workspaces/challenge_ws/install/teleop_dual_arm/share/teleop_dual_arm/package.sh'
[0.947s] INFO:colcon.colcon_core.shell:Creating package script '/workspaces/challenge_ws/install/teleop_dual_arm/share/teleop_dual_arm/package.bash'
[0.947s] INFO:colcon.colcon_core.shell:Creating package script '/workspaces/challenge_ws/install/teleop_dual_arm/share/teleop_dual_arm/package.zsh'
[0.948s] Level 1:colcon.colcon_core.environment:create_file_with_runtime_dependencies(/workspaces/challenge_ws/install/teleop_dual_arm/share/colcon-core/packages/teleop_dual_arm)
[0.948s] DEBUG:colcon.colcon_parallel_executor.executor.parallel:closing loop
[0.948s] DEBUG:colcon.colcon_parallel_executor.executor.parallel:loop closed
[0.948s] DEBUG:colcon.colcon_parallel_executor.executor.parallel:run_until_complete finished with '0'
[0.948s] DEBUG:colcon.colcon_core.event_reactor:joining thread
[0.956s] INFO:colcon.colcon_core.plugin_system:Skipping extension 'colcon_notification.desktop_notification.notify_send': Could not find 'notify-send'
[0.956s] INFO:colcon.colcon_core.plugin_system:Skipping extension 'colcon_notification.desktop_notification.terminal_notifier': Not used on non-Darwin systems
[0.956s] INFO:colcon.colcon_core.plugin_system:Skipping extension 'colcon_notification.desktop_notification.win32': Not used on non-Windows systems
[0.956s] INFO:colcon.colcon_notification.desktop_notification:Sending desktop notification using 'notify2'
[0.960s] DEBUG:colcon.colcon_notification.desktop_notification.notify2:Failed to initialize notify2: org.freedesktop.DBus.Error.Spawn.ExecFailed: /usr/bin/dbus-launch terminated abnormally without any error message
[0.960s] DEBUG:colcon.colcon_core.event_reactor:joined thread
[0.961s] INFO:colcon.colcon_core.shell:Creating prefix script '/workspaces/challenge_ws/install/local_setup.ps1'
[0.962s] INFO:colcon.colcon_core.shell:Creating prefix util module '/workspaces/challenge_ws/install/_local_setup_util_ps1.py'
[0.963s] INFO:colcon.colcon_core.shell:Creating prefix chain script '/workspaces/challenge_ws/install/setup.ps1'
[0.968s] INFO:colcon.colcon_core.shell:Creating prefix script '/workspaces/challenge_ws/install/local_setup.sh'
[0.969s] INFO:colcon.colcon_core.shell:Creating prefix util module '/workspaces/challenge_ws/install/_local_setup_util_sh.py'
[0.970s] INFO:colcon.colcon_core.shell:Creating prefix chain script '/workspaces/challenge_ws/install/setup.sh'
[0.973s] INFO:colcon.colcon_core.shell:Creating prefix script '/workspaces/challenge_ws/install/local_setup.bash'
[0.974s] INFO:colcon.colcon_core.shell:Creating prefix chain script '/workspaces/challenge_ws/install/setup.bash'
[0.976s] INFO:colcon.colcon_core.shell:Creating prefix script '/workspaces/challenge_ws/install/local_setup.zsh'
[0.976s] INFO:colcon.colcon_core.shell:Creating prefix chain script '/workspaces/challenge_ws/install/setup.zsh'
