[0.017s] Invoking command in '/workspaces/challenge_ws/build/dual_arm_servo_moveit_config': CMAKE_PREFIX_PATH=${CMAKE_PREFIX_PATH}:/workspaces/challenge_ws/install/teleop_dual_arm:/root/ws_moveit/install/moveit_configs_utils:/opt/ros/humble /usr/bin/cmake /workspaces/challenge_ws/src/dual_arm_servo_moveit_config -DAMENT_CMAKE_SYMLINK_INSTALL=1 -DCMAKE_INSTALL_PREFIX=/workspaces/challenge_ws/install/dual_arm_servo_moveit_config
[0.128s] -- The C compiler identification is GNU 11.4.0
[0.175s] -- The CXX compiler identification is GNU 11.4.0
[0.180s] -- Detecting C compiler ABI info
[0.248s] -- Detecting C compiler ABI info - done
[0.253s] -- Check for working C compiler: /usr/bin/cc - skipped
[0.254s] -- Detecting C compile features
[0.254s] -- Detecting C compile features - done
[0.256s] -- Detecting CXX compiler ABI info
[0.325s] -- Detecting CXX compiler ABI info - done
[0.329s] -- Check for working CXX compiler: /usr/bin/c++ - skipped
[0.329s] -- Detecting CXX compile features
[0.330s] -- Detecting CXX compile features - done
[0.336s] -- Found ament_cmake: 1.3.11 (/opt/ros/humble/share/ament_cmake/cmake)
[0.468s] -- Found Python3: /usr/bin/python3 (found version "3.10.12") found components: Interpreter 
[0.515s] -- Override CMake install command with custom implementation using symlinks instead of copying resources
[0.650s] -- Configuring done
[0.651s] -- Generating done
[0.652s] -- Build files have been written to: /workspaces/challenge_ws/build/dual_arm_servo_moveit_config
[0.655s] Invoked command in '/workspaces/challenge_ws/build/dual_arm_servo_moveit_config' returned '0': CMAKE_PREFIX_PATH=${CMAKE_PREFIX_PATH}:/workspaces/challenge_ws/install/teleop_dual_arm:/root/ws_moveit/install/moveit_configs_utils:/opt/ros/humble /usr/bin/cmake /workspaces/challenge_ws/src/dual_arm_servo_moveit_config -DAMENT_CMAKE_SYMLINK_INSTALL=1 -DCMAKE_INSTALL_PREFIX=/workspaces/challenge_ws/install/dual_arm_servo_moveit_config
[0.656s] Invoking command in '/workspaces/challenge_ws/build/dual_arm_servo_moveit_config': CMAKE_PREFIX_PATH=${CMAKE_PREFIX_PATH}:/workspaces/challenge_ws/install/teleop_dual_arm:/root/ws_moveit/install/moveit_configs_utils:/opt/ros/humble /usr/bin/cmake --build /workspaces/challenge_ws/build/dual_arm_servo_moveit_config -- -j20 -l20
[0.694s] Invoked command in '/workspaces/challenge_ws/build/dual_arm_servo_moveit_config' returned '0': CMAKE_PREFIX_PATH=${CMAKE_PREFIX_PATH}:/workspaces/challenge_ws/install/teleop_dual_arm:/root/ws_moveit/install/moveit_configs_utils:/opt/ros/humble /usr/bin/cmake --build /workspaces/challenge_ws/build/dual_arm_servo_moveit_config -- -j20 -l20
[0.704s] Invoking command in '/workspaces/challenge_ws/build/dual_arm_servo_moveit_config': CMAKE_PREFIX_PATH=${CMAKE_PREFIX_PATH}:/workspaces/challenge_ws/install/teleop_dual_arm:/root/ws_moveit/install/moveit_configs_utils:/opt/ros/humble /usr/bin/cmake --install /workspaces/challenge_ws/build/dual_arm_servo_moveit_config
[0.712s] -- Install configuration: ""
[0.712s] -- Execute custom install script
[0.712s] -- Symlinking: /workspaces/challenge_ws/install/dual_arm_servo_moveit_config/share/ament_index/resource_index/package_run_dependencies/dual_arm_servo_moveit_config
[0.721s] -- Symlinking: /workspaces/challenge_ws/install/dual_arm_servo_moveit_config/share/ament_index/resource_index/parent_prefix_path/dual_arm_servo_moveit_config
[0.728s] -- Symlinking: /workspaces/challenge_ws/install/dual_arm_servo_moveit_config/share/dual_arm_servo_moveit_config/environment/ament_prefix_path.sh
[0.737s] -- Symlinking: /workspaces/challenge_ws/install/dual_arm_servo_moveit_config/share/dual_arm_servo_moveit_config/environment/ament_prefix_path.dsv
[0.746s] -- Symlinking: /workspaces/challenge_ws/install/dual_arm_servo_moveit_config/share/dual_arm_servo_moveit_config/environment/path.sh
[0.757s] -- Symlinking: /workspaces/challenge_ws/install/dual_arm_servo_moveit_config/share/dual_arm_servo_moveit_config/environment/path.dsv
[0.765s] -- Symlinking: /workspaces/challenge_ws/install/dual_arm_servo_moveit_config/share/dual_arm_servo_moveit_config/local_setup.bash
[0.775s] -- Symlinking: /workspaces/challenge_ws/install/dual_arm_servo_moveit_config/share/dual_arm_servo_moveit_config/local_setup.sh
[0.783s] -- Symlinking: /workspaces/challenge_ws/install/dual_arm_servo_moveit_config/share/dual_arm_servo_moveit_config/local_setup.zsh
[0.793s] -- Symlinking: /workspaces/challenge_ws/install/dual_arm_servo_moveit_config/share/dual_arm_servo_moveit_config/local_setup.dsv
[0.803s] -- Symlinking: /workspaces/challenge_ws/install/dual_arm_servo_moveit_config/share/dual_arm_servo_moveit_config/package.dsv
[0.810s] -- Symlinking: /workspaces/challenge_ws/install/dual_arm_servo_moveit_config/share/ament_index/resource_index/packages/dual_arm_servo_moveit_config
[0.819s] -- Symlinking: /workspaces/challenge_ws/install/dual_arm_servo_moveit_config/share/dual_arm_servo_moveit_config/cmake/dual_arm_servo_moveit_configConfig.cmake
[0.827s] -- Symlinking: /workspaces/challenge_ws/install/dual_arm_servo_moveit_config/share/dual_arm_servo_moveit_config/cmake/dual_arm_servo_moveit_configConfig-version.cmake
[0.838s] -- Symlinking: /workspaces/challenge_ws/install/dual_arm_servo_moveit_config/share/dual_arm_servo_moveit_config/package.xml
[0.846s] -- Symlinking: /workspaces/challenge_ws/install/dual_arm_servo_moveit_config/share/dual_arm_servo_moveit_config/launch/left_servo.launch.py
[0.852s] -- Symlinking: /workspaces/challenge_ws/install/dual_arm_servo_moveit_config/share/dual_arm_servo_moveit_config/launch/move_group.launch.py
[0.859s] -- Symlinking: /workspaces/challenge_ws/install/dual_arm_servo_moveit_config/share/dual_arm_servo_moveit_config/launch/moveit.rviz
[0.869s] -- Symlinking: /workspaces/challenge_ws/install/dual_arm_servo_moveit_config/share/dual_arm_servo_moveit_config/launch/right_servo.launch.py
[0.878s] -- Symlinking: /workspaces/challenge_ws/install/dual_arm_servo_moveit_config/share/dual_arm_servo_moveit_config/config/hand.xacro
[0.886s] -- Symlinking: /workspaces/challenge_ws/install/dual_arm_servo_moveit_config/share/dual_arm_servo_moveit_config/config/joint_limits.yaml
[0.894s] -- Symlinking: /workspaces/challenge_ws/install/dual_arm_servo_moveit_config/share/dual_arm_servo_moveit_config/config/kinematics.yaml
[0.903s] -- Symlinking: /workspaces/challenge_ws/install/dual_arm_servo_moveit_config/share/dual_arm_servo_moveit_config/config/left_arm_servo_config.yaml
[0.914s] -- Symlinking: /workspaces/challenge_ws/install/dual_arm_servo_moveit_config/share/dual_arm_servo_moveit_config/config/left_hand_servo_config.yaml
[0.924s] -- Symlinking: /workspaces/challenge_ws/install/dual_arm_servo_moveit_config/share/dual_arm_servo_moveit_config/config/left_initial_positions.yaml
[0.932s] -- Symlinking: /workspaces/challenge_ws/install/dual_arm_servo_moveit_config/share/dual_arm_servo_moveit_config/config/moveit_controllers.yaml
[0.943s] -- Symlinking: /workspaces/challenge_ws/install/dual_arm_servo_moveit_config/share/dual_arm_servo_moveit_config/config/ompl_planning.yaml
[0.952s] -- Symlinking: /workspaces/challenge_ws/install/dual_arm_servo_moveit_config/share/dual_arm_servo_moveit_config/config/panda.ros2_control.xacro
[0.960s] -- Symlinking: /workspaces/challenge_ws/install/dual_arm_servo_moveit_config/share/dual_arm_servo_moveit_config/config/panda.srdf
[0.967s] -- Symlinking: /workspaces/challenge_ws/install/dual_arm_servo_moveit_config/share/dual_arm_servo_moveit_config/config/panda.urdf.xacro
[0.976s] -- Symlinking: /workspaces/challenge_ws/install/dual_arm_servo_moveit_config/share/dual_arm_servo_moveit_config/config/panda_arm_macro.xacro
[0.989s] -- Symlinking: /workspaces/challenge_ws/install/dual_arm_servo_moveit_config/share/dual_arm_servo_moveit_config/config/panda_hand.ros2_control.xacro
[0.998s] -- Symlinking: /workspaces/challenge_ws/install/dual_arm_servo_moveit_config/share/dual_arm_servo_moveit_config/config/pilz_cartesian_limits.yaml
[1.006s] -- Symlinking: /workspaces/challenge_ws/install/dual_arm_servo_moveit_config/share/dual_arm_servo_moveit_config/config/right_arm_servo_config.yaml
[1.017s] -- Symlinking: /workspaces/challenge_ws/install/dual_arm_servo_moveit_config/share/dual_arm_servo_moveit_config/config/right_hand_servo_config.yaml
[1.030s] -- Symlinking: /workspaces/challenge_ws/install/dual_arm_servo_moveit_config/share/dual_arm_servo_moveit_config/config/right_initial_positions.yaml
[1.042s] -- Symlinking: /workspaces/challenge_ws/install/dual_arm_servo_moveit_config/share/dual_arm_servo_moveit_config/config/ros2_controllers.yaml
[1.050s] -- Symlinking: /workspaces/challenge_ws/install/dual_arm_servo_moveit_config/share/dual_arm_servo_moveit_config/config/servo_parameters.yaml
[1.063s] Invoked command in '/workspaces/challenge_ws/build/dual_arm_servo_moveit_config' returned '0': CMAKE_PREFIX_PATH=${CMAKE_PREFIX_PATH}:/workspaces/challenge_ws/install/teleop_dual_arm:/root/ws_moveit/install/moveit_configs_utils:/opt/ros/humble /usr/bin/cmake --install /workspaces/challenge_ws/build/dual_arm_servo_moveit_config
