running develop
Removing /workspaces/challenge_ws/install/teleop_dual_arm/lib/python3.10/site-packages/teleop-dual-arm.egg-link (link to .)
running egg_info
writing ../../build/teleop_dual_arm/teleop_dual_arm.egg-info/PKG-INFO
writing dependency_links to ../../build/teleop_dual_arm/teleop_dual_arm.egg-info/dependency_links.txt
writing entry points to ../../build/teleop_dual_arm/teleop_dual_arm.egg-info/entry_points.txt
writing requirements to ../../build/teleop_dual_arm/teleop_dual_arm.egg-info/requires.txt
writing top-level names to ../../build/teleop_dual_arm/teleop_dual_arm.egg-info/top_level.txt
reading manifest file '../../build/teleop_dual_arm/teleop_dual_arm.egg-info/SOURCES.txt'
writing manifest file '../../build/teleop_dual_arm/teleop_dual_arm.egg-info/SOURCES.txt'
running build
running build_py
creating /workspaces/challenge_ws/build/teleop_dual_arm/build
creating /workspaces/challenge_ws/build/teleop_dual_arm/build/lib
creating /workspaces/challenge_ws/build/teleop_dual_arm/build/lib/teleop_dual_arm
copying teleop_dual_arm/__init__.py -> /workspaces/challenge_ws/build/teleop_dual_arm/build/lib/teleop_dual_arm
copying teleop_dual_arm/teleop_node.py -> /workspaces/challenge_ws/build/teleop_dual_arm/build/lib/teleop_dual_arm
running install
running install_lib
creating /workspaces/challenge_ws/install/teleop_dual_arm/lib/python3.10/site-packages/teleop_dual_arm
copying /workspaces/challenge_ws/build/teleop_dual_arm/build/lib/teleop_dual_arm/__init__.py -> /workspaces/challenge_ws/install/teleop_dual_arm/lib/python3.10/site-packages/teleop_dual_arm
copying /workspaces/challenge_ws/build/teleop_dual_arm/build/lib/teleop_dual_arm/teleop_node.py -> /workspaces/challenge_ws/install/teleop_dual_arm/lib/python3.10/site-packages/teleop_dual_arm
byte-compiling /workspaces/challenge_ws/install/teleop_dual_arm/lib/python3.10/site-packages/teleop_dual_arm/__init__.py to __init__.cpython-310.pyc
byte-compiling /workspaces/challenge_ws/install/teleop_dual_arm/lib/python3.10/site-packages/teleop_dual_arm/teleop_node.py to teleop_node.cpython-310.pyc
running install_data
copying resource/teleop_dual_arm -> /workspaces/challenge_ws/install/teleop_dual_arm/share/ament_index/resource_index/packages
copying package.xml -> /workspaces/challenge_ws/install/teleop_dual_arm/share/teleop_dual_arm
running install_egg_info
Copying ../../build/teleop_dual_arm/teleop_dual_arm.egg-info to /workspaces/challenge_ws/install/teleop_dual_arm/lib/python3.10/site-packages/teleop_dual_arm-0.0.0-py3.10.egg-info
running install_scripts
Installing teleop_node script to /workspaces/challenge_ws/install/teleop_dual_arm/lib/teleop_dual_arm
writing list of installed files to '/workspaces/challenge_ws/build/teleop_dual_arm/install.log'
